srun: ROUTE: split_hostlist: hl=a17r1n01 tree_width 0
process num:1, thread num:4 
filename = ../matrix/audikw_1.mtx
Matrix A is 943695 by 943695, #nonzeros = 77651847
metis time: 0.00
preprocess time: 1049.64
communicate_total_num 0
communication time: 0.00 ms
caiculation time 26.64 ms
total time 26.64 ms, 5.83 GFlops

===================================================================================
=   BAD TERMINATION OF ONE OF YOUR APPLICATION PROCESSES
=   PID 32326 RUNNING AT a17r1n01
=   EXIT CODE: 11
=   CLEANING UP REMAINING PROCESSES
=   YOU CAN IGNORE THE BELOW CLEANUP MESSAGES
===================================================================================
YOUR APPLICATION TERMINATED WITH THE EXIT STRING: Segmentation fault (signal 11)
This typically refers to a problem with your application.
Please see the FAQ page for debugging suggestions
srun: ROUTE: split_hostlist: hl=a17r1n01 tree_width 0
process num:1, thread num:4 
filename = ../matrix/bone010.mtx
Matrix A is 986703 by 986703, #nonzeros = 71666325
metis time: 0.00
preprocess time: 955.14
communicate_total_num 0
communication time: 0.00 ms
caiculation time 17.80 ms
total time 17.80 ms, 8.05 GFlops

===================================================================================
=   BAD TERMINATION OF ONE OF YOUR APPLICATION PROCESSES
=   PID 760 RUNNING AT a17r1n01
=   EXIT CODE: 11
=   CLEANING UP REMAINING PROCESSES
=   YOU CAN IGNORE THE BELOW CLEANUP MESSAGES
===================================================================================
YOUR APPLICATION TERMINATED WITH THE EXIT STRING: Segmentation fault (signal 11)
This typically refers to a problem with your application.
Please see the FAQ page for debugging suggestions
srun: ROUTE: split_hostlist: hl=a17r1n01 tree_width 0
process num:1, thread num:4 
filename = ../matrix/dielFilterV2real.mtx
Matrix A is 1157456 by 1157456, #nonzeros = 48538952
metis time: 0.00
preprocess time: 643.63
communicate_total_num 0
communication time: 0.00 ms
caiculation time 18.25 ms
total time 18.25 ms, 5.32 GFlops

===================================================================================
=   BAD TERMINATION OF ONE OF YOUR APPLICATION PROCESSES
=   PID 1340 RUNNING AT a17r1n01
=   EXIT CODE: 11
=   CLEANING UP REMAINING PROCESSES
=   YOU CAN IGNORE THE BELOW CLEANUP MESSAGES
===================================================================================
YOUR APPLICATION TERMINATED WITH THE EXIT STRING: Segmentation fault (signal 11)
This typically refers to a problem with your application.
Please see the FAQ page for debugging suggestions
srun: ROUTE: split_hostlist: hl=a17r1n01 tree_width 0
process num:1, thread num:4 
filename = ../matrix/asia_osm.mtx
Matrix A is 11950757 by 11950757, #nonzeros = 25423206
metis time: 0.00
preprocess time: 506.34
communicate_total_num 0
communication time: 0.00 ms
caiculation time 34.97 ms
total time 34.97 ms, 1.45 GFlops

===================================================================================
=   BAD TERMINATION OF ONE OF YOUR APPLICATION PROCESSES
=   PID 1982 RUNNING AT a17r1n01
=   EXIT CODE: 11
=   CLEANING UP REMAINING PROCESSES
=   YOU CAN IGNORE THE BELOW CLEANUP MESSAGES
===================================================================================
YOUR APPLICATION TERMINATED WITH THE EXIT STRING: Segmentation fault (signal 11)
This typically refers to a problem with your application.
Please see the FAQ page for debugging suggestions
srun: ROUTE: split_hostlist: hl=a17r1n01 tree_width 0
process num:1, thread num:4 
filename = ../matrix/ldoor.mtx
Matrix A is 952203 by 952203, #nonzeros = 46522475
metis time: 0.00
preprocess time: 565.21
communicate_total_num 0
communication time: 0.00 ms
caiculation time 14.96 ms
total time 14.96 ms, 6.22 GFlops

===================================================================================
=   BAD TERMINATION OF ONE OF YOUR APPLICATION PROCESSES
=   PID 2062 RUNNING AT a17r1n01
=   EXIT CODE: 11
=   CLEANING UP REMAINING PROCESSES
=   YOU CAN IGNORE THE BELOW CLEANUP MESSAGES
===================================================================================
YOUR APPLICATION TERMINATED WITH THE EXIT STRING: Segmentation fault (signal 11)
This typically refers to a problem with your application.
Please see the FAQ page for debugging suggestions
srun: ROUTE: split_hostlist: hl=a17r1n01 tree_width 0
process num:1, thread num:4 
filename = ../matrix/nlpkkt80.mtx
Matrix A is 1062400 by 1062400, #nonzeros = 28704672
metis time: 0.00
preprocess time: 347.80
communicate_total_num 0
communication time: 0.00 ms
caiculation time 8.42 ms
total time 8.42 ms, 6.82 GFlops

===================================================================================
=   BAD TERMINATION OF ONE OF YOUR APPLICATION PROCESSES
=   PID 2558 RUNNING AT a17r1n01
=   EXIT CODE: 11
=   CLEANING UP REMAINING PROCESSES
=   YOU CAN IGNORE THE BELOW CLEANUP MESSAGES
===================================================================================
YOUR APPLICATION TERMINATED WITH THE EXIT STRING: Segmentation fault (signal 11)
This typically refers to a problem with your application.
Please see the FAQ page for debugging suggestions
srun: ROUTE: split_hostlist: hl=a17r1n01 tree_width 0
process num:1, thread num:4 
filename = ../matrix/rajat31.mtx
Matrix A is 4690002 by 4690002, #nonzeros = 20316253
metis time: 0.00
preprocess time: 274.37
communicate_total_num 0
communication time: 0.00 ms
caiculation time 10.37 ms
total time 10.37 ms, 3.92 GFlops

===================================================================================
=   BAD TERMINATION OF ONE OF YOUR APPLICATION PROCESSES
=   PID 2916 RUNNING AT a17r1n01
=   EXIT CODE: 11
=   CLEANING UP REMAINING PROCESSES
=   YOU CAN IGNORE THE BELOW CLEANUP MESSAGES
===================================================================================
YOUR APPLICATION TERMINATED WITH THE EXIT STRING: Segmentation fault (signal 11)
This typically refers to a problem with your application.
Please see the FAQ page for debugging suggestions
srun: ROUTE: split_hostlist: hl=a17r1n01 tree_width 0
process num:1, thread num:4 
filename = ../matrix/rgg_n_2_21_s0.mtx
Matrix A is 2097152 by 2097152, #nonzeros = 28975990
metis time: 0.00
preprocess time: 406.54
communicate_total_num 0
communication time: 0.00 ms
caiculation time 13.56 ms
total time 13.56 ms, 4.27 GFlops

===================================================================================
=   BAD TERMINATION OF ONE OF YOUR APPLICATION PROCESSES
=   PID 3131 RUNNING AT a17r1n01
=   EXIT CODE: 11
=   CLEANING UP REMAINING PROCESSES
=   YOU CAN IGNORE THE BELOW CLEANUP MESSAGES
===================================================================================
YOUR APPLICATION TERMINATED WITH THE EXIT STRING: Segmentation fault (signal 11)
This typically refers to a problem with your application.
Please see the FAQ page for debugging suggestions
srun: ROUTE: split_hostlist: hl=a17r1n01 tree_width 0
process num:1, thread num:4 
filename = ../matrix/road_central.mtx
Matrix A is 14081816 by 14081816, #nonzeros = 33866826
metis time: 0.00
preprocess time: 744.58
communicate_total_num 0
communication time: 0.00 ms
caiculation time 90.92 ms
total time 90.92 ms, 0.74 GFlops

===================================================================================
=   BAD TERMINATION OF ONE OF YOUR APPLICATION PROCESSES
=   PID 3224 RUNNING AT a17r1n01
=   EXIT CODE: 11
=   CLEANING UP REMAINING PROCESSES
=   YOU CAN IGNORE THE BELOW CLEANUP MESSAGES
===================================================================================
YOUR APPLICATION TERMINATED WITH THE EXIT STRING: Segmentation fault (signal 11)
This typically refers to a problem with your application.
Please see the FAQ page for debugging suggestions
srun: ROUTE: split_hostlist: hl=a17r1n01 tree_width 0
process num:1, thread num:4 
filename = ../matrix/inline_1.mtx
Matrix A is 503712 by 503712, #nonzeros = 36816342
metis time: 0.00
preprocess time: 466.24
communicate_total_num 0
communication time: 0.00 ms
caiculation time 14.00 ms
total time 14.00 ms, 5.26 GFlops

===================================================================================
=   BAD TERMINATION OF ONE OF YOUR APPLICATION PROCESSES
=   PID 3609 RUNNING AT a17r1n01
=   EXIT CODE: 11
=   CLEANING UP REMAINING PROCESSES
=   YOU CAN IGNORE THE BELOW CLEANUP MESSAGES
===================================================================================
YOUR APPLICATION TERMINATED WITH THE EXIT STRING: Segmentation fault (signal 11)
This typically refers to a problem with your application.
Please see the FAQ page for debugging suggestions
srun: ROUTE: split_hostlist: hl=a17r1n01 tree_width 0
process num:1, thread num:4 
filename = ../matrix/hugebubbles-00000.mtx
Matrix A is 18318143 by 18318143, #nonzeros = 54940162
metis time: 0.00
preprocess time: 1039.24
communicate_total_num 0
communication time: 0.00 ms
caiculation time 91.41 ms
total time 91.41 ms, 1.20 GFlops

===================================================================================
=   BAD TERMINATION OF ONE OF YOUR APPLICATION PROCESSES
=   PID 4175 RUNNING AT a17r1n01
=   EXIT CODE: 11
=   CLEANING UP REMAINING PROCESSES
=   YOU CAN IGNORE THE BELOW CLEANUP MESSAGES
===================================================================================
YOUR APPLICATION TERMINATED WITH THE EXIT STRING: Segmentation fault (signal 11)
This typically refers to a problem with your application.
Please see the FAQ page for debugging suggestions
srun: ROUTE: split_hostlist: hl=a17r1n01 tree_width 0
process num:1, thread num:4 
filename = ../matrix/germany_osm.mtx
Matrix A is 11548845 by 11548845, #nonzeros = 24738362
metis time: 0.00
preprocess time: 514.79
communicate_total_num 0
communication time: 0.00 ms
caiculation time 46.49 ms
total time 46.49 ms, 1.06 GFlops

===================================================================================
=   BAD TERMINATION OF ONE OF YOUR APPLICATION PROCESSES
=   PID 4353 RUNNING AT a17r1n01
=   EXIT CODE: 11
=   CLEANING UP REMAINING PROCESSES
=   YOU CAN IGNORE THE BELOW CLEANUP MESSAGES
===================================================================================
YOUR APPLICATION TERMINATED WITH THE EXIT STRING: Segmentation fault (signal 11)
This typically refers to a problem with your application.
Please see the FAQ page for debugging suggestions
srun: ROUTE: split_hostlist: hl=a17r1n01 tree_width 0
process num:1, thread num:4 
filename = ../matrix/italy_osm.mtx
Matrix A is 6686493 by 6686493, #nonzeros = 14027956
metis time: 0.00
preprocess time: 225.73
communicate_total_num 0
communication time: 0.00 ms
caiculation time 19.95 ms
total time 19.95 ms, 1.41 GFlops

===================================================================================
=   BAD TERMINATION OF ONE OF YOUR APPLICATION PROCESSES
=   PID 4468 RUNNING AT a17r1n01
=   EXIT CODE: 11
=   CLEANING UP REMAINING PROCESSES
=   YOU CAN IGNORE THE BELOW CLEANUP MESSAGES
===================================================================================
YOUR APPLICATION TERMINATED WITH THE EXIT STRING: Segmentation fault (signal 11)
This typically refers to a problem with your application.
Please see the FAQ page for debugging suggestions
srun: ROUTE: split_hostlist: hl=a17r1n01 tree_width 0
process num:1, thread num:4 
filename = ../matrix/adaptive.mtx
Matrix A is 6815744 by 6815744, #nonzeros = 27248640
metis time: 0.00
preprocess time: 366.51
communicate_total_num 0
communication time: 0.00 ms
caiculation time 22.98 ms
total time 22.98 ms, 2.37 GFlops

===================================================================================
=   BAD TERMINATION OF ONE OF YOUR APPLICATION PROCESSES
=   PID 4841 RUNNING AT a17r1n01
=   EXIT CODE: 11
=   CLEANING UP REMAINING PROCESSES
=   YOU CAN IGNORE THE BELOW CLEANUP MESSAGES
===================================================================================
YOUR APPLICATION TERMINATED WITH THE EXIT STRING: Segmentation fault (signal 11)
This typically refers to a problem with your application.
Please see the FAQ page for debugging suggestions
srun: ROUTE: split_hostlist: hl=a17r1n01 tree_width 0
process num:1, thread num:4 
filename = ../matrix/ecology1.mtx
Matrix A is 1000000 by 1000000, #nonzeros = 4996000
metis time: 0.00
preprocess time: 56.29
communicate_total_num 0
communication time: 0.00 ms
caiculation time 2.17 ms
total time 2.17 ms, 4.60 GFlops

===================================================================================
=   BAD TERMINATION OF ONE OF YOUR APPLICATION PROCESSES
=   PID 4929 RUNNING AT a17r1n01
=   EXIT CODE: 11
=   CLEANING UP REMAINING PROCESSES
=   YOU CAN IGNORE THE BELOW CLEANUP MESSAGES
===================================================================================
YOUR APPLICATION TERMINATED WITH THE EXIT STRING: Segmentation fault (signal 11)
This typically refers to a problem with your application.
Please see the FAQ page for debugging suggestions
srun: ROUTE: split_hostlist: hl=a17r1n01 tree_width 0
process num:1, thread num:4 
filename = ../matrix/vas_stokes_1M.mtx
Matrix A is 1090664 by 1090664, #nonzeros = 34767207
metis time: 0.00
preprocess time: 461.92
communicate_total_num 0
communication time: 0.00 ms
caiculation time 13.84 ms
total time 13.84 ms, 5.03 GFlops

===================================================================================
=   BAD TERMINATION OF ONE OF YOUR APPLICATION PROCESSES
=   PID 4991 RUNNING AT a17r1n01
=   EXIT CODE: 11
=   CLEANING UP REMAINING PROCESSES
=   YOU CAN IGNORE THE BELOW CLEANUP MESSAGES
===================================================================================
YOUR APPLICATION TERMINATED WITH THE EXIT STRING: Segmentation fault (signal 11)
This typically refers to a problem with your application.
Please see the FAQ page for debugging suggestions
srun: ROUTE: split_hostlist: hl=a17r1n01 tree_width 0
process num:1, thread num:4 
filename = ../matrix/AS365.mtx
Matrix A is 3799275 by 3799275, #nonzeros = 22736152
metis time: 0.00
preprocess time: 321.47
communicate_total_num 0
communication time: 0.00 ms
caiculation time 48.68 ms
total time 48.68 ms, 0.93 GFlops

===================================================================================
=   BAD TERMINATION OF ONE OF YOUR APPLICATION PROCESSES
=   PID 5536 RUNNING AT a17r1n01
=   EXIT CODE: 11
=   CLEANING UP REMAINING PROCESSES
=   YOU CAN IGNORE THE BELOW CLEANUP MESSAGES
===================================================================================
YOUR APPLICATION TERMINATED WITH THE EXIT STRING: Segmentation fault (signal 11)
This typically refers to a problem with your application.
Please see the FAQ page for debugging suggestions
srun: ROUTE: split_hostlist: hl=a17r1n01 tree_width 0
process num:1, thread num:4 
filename = ../matrix/M6.mtx
Matrix A is 3501776 by 3501776, #nonzeros = 21003872
metis time: 0.00
preprocess time: 304.79
communicate_total_num 0
communication time: 0.00 ms
caiculation time 44.19 ms
total time 44.19 ms, 0.95 GFlops

===================================================================================
=   BAD TERMINATION OF ONE OF YOUR APPLICATION PROCESSES
=   PID 5613 RUNNING AT a17r1n01
=   EXIT CODE: 11
=   CLEANING UP REMAINING PROCESSES
=   YOU CAN IGNORE THE BELOW CLEANUP MESSAGES
===================================================================================
YOUR APPLICATION TERMINATED WITH THE EXIT STRING: Segmentation fault (signal 11)
This typically refers to a problem with your application.
Please see the FAQ page for debugging suggestions
srun: ROUTE: split_hostlist: hl=a17r1n01 tree_width 0
process num:1, thread num:4 
filename = ../matrix/NLR.mtx
Matrix A is 4163763 by 4163763, #nonzeros = 24975952
metis time: 0.00
preprocess time: 342.53
communicate_total_num 0
communication time: 0.00 ms
caiculation time 52.80 ms
total time 52.80 ms, 0.95 GFlops

===================================================================================
=   BAD TERMINATION OF ONE OF YOUR APPLICATION PROCESSES
=   PID 5674 RUNNING AT a17r1n01
=   EXIT CODE: 11
=   CLEANING UP REMAINING PROCESSES
=   YOU CAN IGNORE THE BELOW CLEANUP MESSAGES
===================================================================================
YOUR APPLICATION TERMINATED WITH THE EXIT STRING: Segmentation fault (signal 11)
This typically refers to a problem with your application.
Please see the FAQ page for debugging suggestions
srun: ROUTE: split_hostlist: hl=a17r1n01 tree_width 0
process num:1, thread num:4 
filename = ../matrix/cant.mtx
Matrix A is 62451 by 62451, #nonzeros = 4007383
metis time: 0.00
preprocess time: 49.39
communicate_total_num 0
communication time: 0.00 ms
caiculation time 0.96 ms
total time 0.96 ms, 8.37 GFlops

===================================================================================
=   BAD TERMINATION OF ONE OF YOUR APPLICATION PROCESSES
=   PID 5754 RUNNING AT a17r1n01
=   EXIT CODE: 11
=   CLEANING UP REMAINING PROCESSES
=   YOU CAN IGNORE THE BELOW CLEANUP MESSAGES
===================================================================================
YOUR APPLICATION TERMINATED WITH THE EXIT STRING: Segmentation fault (signal 11)
This typically refers to a problem with your application.
Please see the FAQ page for debugging suggestions
