srun: ROUTE: split_hostlist: hl=a17r1n[04-05] tree_width 0
process num:16, thread num:4 
filename = ../matrix/audikw_1.mtx
Matrix A is 943695 by 943695, #nonzeros = 77651847
metis time: 3605.17
preprocess time: 4565.60
communicate_total_num 366432
communication time: 3.63 ms
caiculation time 5.82 ms
total time 9.45 ms, 16.43 GFlops
error count 0 
srun: ROUTE: split_hostlist: hl=a17r1n[04-05] tree_width 0
process num:16, thread num:4 
filename = ../matrix/bone010.mtx
Matrix A is 986703 by 986703, #nonzeros = 71666325
metis time: 3304.01
preprocess time: 4224.52
communicate_total_num 103854
communication time: 0.86 ms
caiculation time 4.43 ms
total time 5.29 ms, 27.12 GFlops
error count 0 
srun: ROUTE: split_hostlist: hl=a17r1n[04-05] tree_width 0
process num:16, thread num:4 
filename = ../matrix/dielFilterV2real.mtx
Matrix A is 1157456 by 1157456, #nonzeros = 48538952
metis time: 2628.62
preprocess time: 3253.99
communicate_total_num 259190
communication time: 0.71 ms
caiculation time 4.51 ms
total time 5.22 ms, 18.60 GFlops
error count 0 
srun: ROUTE: split_hostlist: hl=a17r1n[04-05] tree_width 0
process num:16, thread num:4 
filename = ../matrix/asia_osm.mtx
Matrix A is 11950757 by 11950757, #nonzeros = 25423206
metis time: 8044.29
preprocess time: 8550.17
communicate_total_num 3407
communication time: 0.18 ms
caiculation time 4.98 ms
total time 5.16 ms, 9.85 GFlops
error count 0 
srun: ROUTE: split_hostlist: hl=a17r1n[04-05] tree_width 0
process num:16, thread num:4 
filename = ../matrix/ldoor.mtx
Matrix A is 952203 by 952203, #nonzeros = 46522475
metis time: 1870.48
preprocess time: 2502.52
communicate_total_num 27628
communication time: 0.26 ms
caiculation time 4.84 ms
total time 5.10 ms, 18.24 GFlops
error count 0 
srun: ROUTE: split_hostlist: hl=a17r1n[04-05] tree_width 0
process num:16, thread num:4 
filename = ../matrix/nlpkkt80.mtx
Matrix A is 1062400 by 1062400, #nonzeros = 28704672
metis time: 2400.57
preprocess time: 2789.80
communicate_total_num 224014
communication time: 1.26 ms
caiculation time 2.02 ms
total time 3.29 ms, 17.47 GFlops
error count 0 
srun: ROUTE: split_hostlist: hl=a17r1n[04-05] tree_width 0
process num:16, thread num:4 
filename = ../matrix/rajat31.mtx
Matrix A is 4690002 by 4690002, #nonzeros = 20316253
metis time: 3631.16
preprocess time: 3911.31
communicate_total_num 22319
communication time: 0.24 ms
caiculation time 2.11 ms
total time 2.36 ms, 17.24 GFlops
error count 0 
srun: ROUTE: split_hostlist: hl=a17r1n[04-05] tree_width 0
process num:16, thread num:4 
filename = ../matrix/rgg_n_2_21_s0.mtx
Matrix A is 2097152 by 2097152, #nonzeros = 28975990
metis time: 2054.93
preprocess time: 2464.95
communicate_total_num 24335
communication time: 0.25 ms
caiculation time 2.25 ms
total time 2.49 ms, 23.24 GFlops
error count 0 
srun: ROUTE: split_hostlist: hl=a17r1n[04-05] tree_width 0
process num:16, thread num:4 
filename = ../matrix/road_central.mtx
Matrix A is 14081816 by 14081816, #nonzeros = 33866826
metis time: 15600.02
preprocess time: 16363.06
communicate_total_num 8862
communication time: 0.17 ms
caiculation time 7.56 ms
total time 7.73 ms, 8.76 GFlops
error count 0 
srun: ROUTE: split_hostlist: hl=a17r1n[04-05] tree_width 0
process num:16, thread num:4 
filename = ../matrix/inline_1.mtx
Matrix A is 503712 by 503712, #nonzeros = 36816342
metis time: 1490.42
preprocess time: 1963.62
communicate_total_num 82024
communication time: 0.38 ms
caiculation time 2.69 ms
total time 3.07 ms, 23.99 GFlops
error count 0 
srun: ROUTE: split_hostlist: hl=a17r1n[04-05] tree_width 0
process num:16, thread num:4 
filename = ../matrix/hugebubbles-00000.mtx
Matrix A is 18318143 by 18318143, #nonzeros = 54940162
metis time: 13706.18
preprocess time: 14740.90
communicate_total_num 33591
communication time: 0.25 ms
caiculation time 9.81 ms
total time 10.06 ms, 10.92 GFlops
error count 1081342 
srun: ROUTE: split_hostlist: hl=a17r1n[04-05] tree_width 0
process num:16, thread num:4 
filename = ../matrix/germany_osm.mtx
Matrix A is 11548845 by 11548845, #nonzeros = 24738362
metis time: 9122.90
preprocess time: 9651.35
communicate_total_num 2863
communication time: 0.15 ms
caiculation time 5.00 ms
total time 5.16 ms, 9.60 GFlops
error count 0 
srun: ROUTE: split_hostlist: hl=a17r1n[04-05] tree_width 0
process num:16, thread num:4 
filename = ../matrix/italy_osm.mtx
Matrix A is 6686493 by 6686493, #nonzeros = 14027956
metis time: 4276.39
preprocess time: 4507.92
communicate_total_num 1791
communication time: 0.17 ms
caiculation time 2.30 ms
total time 2.48 ms, 11.33 GFlops
error count 0 
srun: ROUTE: split_hostlist: hl=a17r1n[04-05] tree_width 0
process num:16, thread num:4 
filename = ../matrix/adaptive.mtx
Matrix A is 6815744 by 6815744, #nonzeros = 27248640
metis time: 4542.39
preprocess time: 4915.09
communicate_total_num 32179
communication time: 0.27 ms
caiculation time 3.16 ms
total time 3.43 ms, 15.87 GFlops
error count 0 
srun: ROUTE: split_hostlist: hl=a17r1n[04-05] tree_width 0
process num:16, thread num:4 
filename = ../matrix/ecology1.mtx
Matrix A is 1000000 by 1000000, #nonzeros = 4996000
metis time: 539.24
preprocess time: 595.45
communicate_total_num 12687
communication time: 0.20 ms
caiculation time 0.32 ms
total time 0.52 ms, 19.18 GFlops
error count 0 
srun: ROUTE: split_hostlist: hl=a17r1n[04-05] tree_width 0
process num:16, thread num:4 
filename = ../matrix/vas_stokes_1M.mtx
Matrix A is 1090664 by 1090664, #nonzeros = 34767207
metis time: 2841.69
preprocess time: 3291.07
communicate_total_num 274334
communication time: 1.25 ms
caiculation time 2.52 ms
total time 3.77 ms, 18.44 GFlops
error count 0 
srun: ROUTE: split_hostlist: hl=a17r1n[04-05] tree_width 0
process num:16, thread num:4 
filename = ../matrix/AS365.mtx
Matrix A is 3799275 by 3799275, #nonzeros = 22736152
metis time: 3656.09
preprocess time: 3982.43
communicate_total_num 56171
communication time: 0.40 ms
caiculation time 1.81 ms
total time 2.21 ms, 20.59 GFlops
error count 0 
srun: ROUTE: split_hostlist: hl=a17r1n[04-05] tree_width 0
process num:16, thread num:4 
filename = ../matrix/M6.mtx
Matrix A is 3501776 by 3501776, #nonzeros = 21003872
metis time: 3363.46
preprocess time: 3655.93
communicate_total_num 41241
communication time: 0.27 ms
caiculation time 1.84 ms
total time 2.10 ms, 19.96 GFlops
error count 0 
srun: ROUTE: split_hostlist: hl=a17r1n[04-05] tree_width 0
process num:16, thread num:4 
filename = ../matrix/NLR.mtx
Matrix A is 4163763 by 4163763, #nonzeros = 24975952
metis time: 4214.03
preprocess time: 4589.89
communicate_total_num 55205
communication time: 0.43 ms
caiculation time 2.75 ms
total time 3.18 ms, 15.71 GFlops
error count 0 
srun: ROUTE: split_hostlist: hl=a17r1n[04-05] tree_width 0
process num:16, thread num:4 
filename = ../matrix/cant.mtx
Matrix A is 62451 by 62451, #nonzeros = 4007383
metis time: 182.39
preprocess time: 220.94
communicate_total_num 8963
communication time: 0.20 ms
caiculation time 0.18 ms
total time 0.37 ms, 21.49 GFlops
error count 0 
