srun: ROUTE: split_hostlist: hl=a17r1n[04-05] tree_width 0
process num:16, thread num:4 
filename = ../matrix/audikw_1.mtx
Matrix A is 943695 by 943695, #nonzeros = 77651847
communicate_total_num 427344
process time: 4019.91
communicate time 1.72 ms
spmv time 4.66 ms
communicate time + spmv time 6.38 ms  24.35 GFlops
error count 0 
srun: ROUTE: split_hostlist: hl=a17r1n[04-05] tree_width 0
process num:16, thread num:4 
filename = ../matrix/bone010.mtx
Matrix A is 986703 by 986703, #nonzeros = 71666325
communicate_total_num 114927
process time: 3580.18
communicate time 0.87 ms
spmv time 4.08 ms
communicate time + spmv time 4.95 ms  28.95 GFlops
error count 0 
srun: ROUTE: split_hostlist: hl=a17r1n[04-05] tree_width 0
process num:16, thread num:4 
filename = ../matrix/dielFilterV2real.mtx
Matrix A is 1157456 by 1157456, #nonzeros = 48538952
communicate_total_num 192842
process time: 2904.54
communicate time 0.99 ms
spmv time 3.04 ms
communicate time + spmv time 4.03 ms  24.08 GFlops
error count 0 
srun: ROUTE: split_hostlist: hl=a17r1n[04-05] tree_width 0
process num:16, thread num:4 
filename = ../matrix/asia_osm.mtx
Matrix A is 11950757 by 11950757, #nonzeros = 25423206
communicate_total_num 3644
process time: 8371.45
communicate time 0.29 ms
spmv time 3.47 ms
communicate time + spmv time 3.76 ms  13.51 GFlops
error count 0 
srun: ROUTE: split_hostlist: hl=a17r1n[04-05] tree_width 0
process num:16, thread num:4 
filename = ../matrix/ldoor.mtx
Matrix A is 952203 by 952203, #nonzeros = 46522475
communicate_total_num 30653
process time: 2099.91
communicate time 0.47 ms
spmv time 2.56 ms
communicate time + spmv time 3.03 ms  30.75 GFlops
error count 0 
srun: ROUTE: split_hostlist: hl=a17r1n[04-05] tree_width 0
process num:16, thread num:4 
filename = ../matrix/nlpkkt80.mtx
Matrix A is 1062400 by 1062400, #nonzeros = 28704672
communicate_total_num 268299
process time: 2709.33
communicate time 2.36 ms
spmv time 1.86 ms
communicate time + spmv time 4.22 ms  13.60 GFlops
error count 0 
srun: ROUTE: split_hostlist: hl=a17r1n[04-05] tree_width 0
process num:16, thread num:4 
filename = ../matrix/rajat31.mtx
Matrix A is 4690002 by 4690002, #nonzeros = 20316253
communicate_total_num 25156
process time: 4095.54
communicate time 0.46 ms
spmv time 1.36 ms
communicate time + spmv time 1.82 ms  22.31 GFlops
error count 0 
srun: ROUTE: split_hostlist: hl=a17r1n[04-05] tree_width 0
process num:16, thread num:4 
filename = ../matrix/rgg_n_2_21_s0.mtx
Matrix A is 2097152 by 2097152, #nonzeros = 28975990
communicate_total_num 25885
process time: 2169.22
communicate time 0.47 ms
spmv time 1.72 ms
communicate time + spmv time 2.18 ms  26.55 GFlops
error count 0 
srun: ROUTE: split_hostlist: hl=a17r1n[04-05] tree_width 0
process num:16, thread num:4 
filename = ../matrix/road_central.mtx
Matrix A is 14081816 by 14081816, #nonzeros = 33866826
communicate_total_num 10648
process time: 15916.82
communicate time 0.34 ms
spmv time 6.39 ms
communicate time + spmv time 6.73 ms  10.07 GFlops
error count 0 
srun: ROUTE: split_hostlist: hl=a17r1n[04-05] tree_width 0
process num:16, thread num:4 
filename = ../matrix/inline_1.mtx
Matrix A is 503712 by 503712, #nonzeros = 36816342
communicate_total_num 92567
process time: 1671.05
communicate time 0.69 ms
spmv time 3.20 ms
communicate time + spmv time 3.89 ms  18.92 GFlops
error count 0 
srun: ROUTE: split_hostlist: hl=a17r1n[04-05] tree_width 0
process num:16, thread num:4 
filename = ../matrix/hugebubbles-00000.mtx
Matrix A is 18318143 by 18318143, #nonzeros = 54940162
communicate_total_num 35981
process time: 14115.35
communicate time 0.44 ms
spmv time 9.76 ms
communicate time + spmv time 10.20 ms  10.77 GFlops
error count 1081303 
srun: ROUTE: split_hostlist: hl=a17r1n[04-05] tree_width 0
process num:16, thread num:4 
filename = ../matrix/germany_osm.mtx
Matrix A is 11548845 by 11548845, #nonzeros = 24738362
communicate_total_num 3229
process time: 9971.27
communicate time 0.29 ms
spmv time 4.19 ms
communicate time + spmv time 4.48 ms  11.04 GFlops
error count 0 
srun: ROUTE: split_hostlist: hl=a17r1n[04-05] tree_width 0
process num:16, thread num:4 
filename = ../matrix/italy_osm.mtx
Matrix A is 6686493 by 6686493, #nonzeros = 14027956
communicate_total_num 2269
process time: 4405.04
communicate time 0.33 ms
spmv time 1.69 ms
communicate time + spmv time 2.01 ms  13.93 GFlops
error count 0 
srun: ROUTE: split_hostlist: hl=a17r1n[04-05] tree_width 0
process num:16, thread num:4 
filename = ../matrix/adaptive.mtx
Matrix A is 6815744 by 6815744, #nonzeros = 27248640
communicate_total_num 33428
process time: 4802.73
communicate time 0.45 ms
spmv time 3.04 ms
communicate time + spmv time 3.49 ms  15.62 GFlops
error count 0 
srun: ROUTE: split_hostlist: hl=a17r1n[04-05] tree_width 0
process num:16, thread num:4 
filename = ../matrix/ecology1.mtx
Matrix A is 1000000 by 1000000, #nonzeros = 4996000
communicate_total_num 13429
process time: 668.33
communicate time 0.39 ms
spmv time 0.30 ms
communicate time + spmv time 0.70 ms  14.34 GFlops
error count 0 
srun: ROUTE: split_hostlist: hl=a17r1n[04-05] tree_width 0
process num:16, thread num:4 
filename = ../matrix/vas_stokes_1M.mtx
Matrix A is 1090664 by 1090664, #nonzeros = 34767207
communicate_total_num 248167
process time: 3014.49
communicate time 1.66 ms
spmv time 2.76 ms
communicate time + spmv time 4.42 ms  15.72 GFlops
error count 0 
srun: ROUTE: split_hostlist: hl=a17r1n[04-05] tree_width 0
process num:16, thread num:4 
filename = ../matrix/AS365.mtx
Matrix A is 3799275 by 3799275, #nonzeros = 22736152
communicate_total_num 64884
process time: 3875.22
communicate time 0.47 ms
spmv time 1.96 ms
communicate time + spmv time 2.43 ms  18.69 GFlops
error count 0 
srun: ROUTE: split_hostlist: hl=a17r1n[04-05] tree_width 0
process num:16, thread num:4 
filename = ../matrix/M6.mtx
Matrix A is 3501776 by 3501776, #nonzeros = 21003872
communicate_total_num 40729
process time: 3631.14
communicate time 0.45 ms
spmv time 1.95 ms
communicate time + spmv time 2.40 ms  17.51 GFlops
error count 0 
srun: ROUTE: split_hostlist: hl=a17r1n[04-05] tree_width 0
process num:16, thread num:4 
filename = ../matrix/NLR.mtx
Matrix A is 4163763 by 4163763, #nonzeros = 24975952
communicate_total_num 64979
process time: 4665.08
communicate time 0.59 ms
spmv time 2.02 ms
communicate time + spmv time 2.61 ms  19.14 GFlops
error count 0 
srun: ROUTE: split_hostlist: hl=a17r1n[04-05] tree_width 0
process num:16, thread num:4 
filename = ../matrix/cant.mtx
Matrix A is 62451 by 62451, #nonzeros = 4007383
communicate_total_num 10308
process time: 213.28
communicate time 0.34 ms
spmv time 0.10 ms
communicate time + spmv time 0.44 ms  18.13 GFlops
error count 0 
