srun: ROUTE: split_hostlist: hl=a17r1n11 tree_width 0
process num:4, thread num:4 
filename = ../matrix/audikw_1.mtx
Matrix A is 943695 by 943695, #nonzeros = 77651847
communicate_total_num 44723
process time: 3607.90
communicate time 0.10 ms
spmv time 14.78 ms
communicate time + spmv time 14.87 ms  10.44 GFlops
error count 7320 
srun: ROUTE: split_hostlist: hl=a17r1n11 tree_width 0
process num:4, thread num:4 
filename = ../matrix/bone010.mtx
Matrix A is 986703 by 986703, #nonzeros = 71666325
communicate_total_num 36602
process time: 3472.64
communicate time 0.09 ms
spmv time 17.33 ms
communicate time + spmv time 17.41 ms  8.23 GFlops
error count 1188 
srun: ROUTE: split_hostlist: hl=a17r1n11 tree_width 0
process num:4, thread num:4 
filename = ../matrix/dielFilterV2real.mtx
Matrix A is 1157456 by 1157456, #nonzeros = 48538952
communicate_total_num 24590
process time: 2694.57
communicate time 0.06 ms
spmv time 8.37 ms
communicate time + spmv time 8.43 ms  11.51 GFlops
error count 0 
srun: ROUTE: split_hostlist: hl=a17r1n11 tree_width 0
process num:4, thread num:4 
filename = ../matrix/asia_osm.mtx
Matrix A is 11950757 by 11950757, #nonzeros = 25423206
communicate_total_num 2202
process time: 8447.45
communicate time 0.02 ms
spmv time 15.13 ms
communicate time + spmv time 15.14 ms  3.36 GFlops
error count 0 
srun: ROUTE: split_hostlist: hl=a17r1n11 tree_width 0
process num:4, thread num:4 
filename = ../matrix/ldoor.mtx
Matrix A is 952203 by 952203, #nonzeros = 46522475
communicate_total_num 9688
process time: 2111.59
communicate time 0.03 ms
spmv time 10.48 ms
communicate time + spmv time 10.52 ms  8.85 GFlops
error count 0 
srun: ROUTE: split_hostlist: hl=a17r1n11 tree_width 0
process num:4, thread num:4 
filename = ../matrix/nlpkkt80.mtx
Matrix A is 1062400 by 1062400, #nonzeros = 28704672
communicate_total_num 98877
process time: 2429.10
communicate time 0.20 ms
spmv time 10.36 ms
communicate time + spmv time 10.56 ms  5.44 GFlops
error count 0 
srun: ROUTE: split_hostlist: hl=a17r1n11 tree_width 0
process num:4, thread num:4 
filename = ../matrix/rajat31.mtx
Matrix A is 4690002 by 4690002, #nonzeros = 20316253
communicate_total_num 8060
process time: 3929.13
communicate time 0.03 ms
spmv time 4.84 ms
communicate time + spmv time 4.86 ms  8.36 GFlops
error count 0 
srun: ROUTE: split_hostlist: hl=a17r1n11 tree_width 0
process num:4, thread num:4 
filename = ../matrix/rgg_n_2_21_s0.mtx
Matrix A is 2097152 by 2097152, #nonzeros = 28975990
communicate_total_num 9161
process time: 2145.07
communicate time 0.03 ms
spmv time 5.19 ms
communicate time + spmv time 5.22 ms  11.11 GFlops
error count 0 
srun: ROUTE: split_hostlist: hl=a17r1n11 tree_width 0
process num:4, thread num:4 
filename = ../matrix/road_central.mtx
Matrix A is 14081816 by 14081816, #nonzeros = 33866826
communicate_total_num 917
process time: 15864.13
communicate time 0.02 ms
spmv time 23.41 ms
communicate time + spmv time 23.43 ms  2.89 GFlops
error count 0 
srun: ROUTE: split_hostlist: hl=a17r1n11 tree_width 0
process num:4, thread num:4 
filename = ../matrix/inline_1.mtx
Matrix A is 503712 by 503712, #nonzeros = 36816342
communicate_total_num 30735
process time: 1579.72
communicate time 0.07 ms
spmv time 8.06 ms
communicate time + spmv time 8.12 ms  9.06 GFlops
error count 0 
srun: ROUTE: split_hostlist: hl=a17r1n11 tree_width 0
process num:4, thread num:4 
filename = ../matrix/hugebubbles-00000.mtx
Matrix A is 18318143 by 18318143, #nonzeros = 54940162
communicate_total_num 11514
process time: 13937.10
communicate time 0.03 ms
spmv time 25.48 ms
communicate time + spmv time 25.51 ms  4.31 GFlops
error count 0 
srun: ROUTE: split_hostlist: hl=a17r1n11 tree_width 0
process num:4, thread num:4 
filename = ../matrix/germany_osm.mtx
Matrix A is 11548845 by 11548845, #nonzeros = 24738362
communicate_total_num 784
process time: 9925.89
communicate time 0.02 ms
spmv time 19.53 ms
communicate time + spmv time 19.55 ms  2.53 GFlops
error count 0 
srun: ROUTE: split_hostlist: hl=a17r1n11 tree_width 0
process num:4, thread num:4 
filename = ../matrix/italy_osm.mtx
Matrix A is 6686493 by 6686493, #nonzeros = 14027956
communicate_total_num 375
process time: 4366.53
communicate time 0.01 ms
spmv time 8.54 ms
communicate time + spmv time 8.55 ms  3.28 GFlops
error count 0 
srun: ROUTE: split_hostlist: hl=a17r1n11 tree_width 0
process num:4, thread num:4 
filename = ../matrix/adaptive.mtx
Matrix A is 6815744 by 6815744, #nonzeros = 27248640
communicate_total_num 10846
process time: 4699.52
communicate time 0.03 ms
spmv time 10.27 ms
communicate time + spmv time 10.30 ms  5.29 GFlops
error count 0 
srun: ROUTE: split_hostlist: hl=a17r1n11 tree_width 0
process num:4, thread num:4 
filename = ../matrix/ecology1.mtx
Matrix A is 1000000 by 1000000, #nonzeros = 4996000
communicate_total_num 4557
process time: 618.01
communicate time 0.02 ms
spmv time 0.50 ms
communicate time + spmv time 0.52 ms  19.07 GFlops
error count 0 
srun: ROUTE: split_hostlist: hl=a17r1n11 tree_width 0
process num:4, thread num:4 
filename = ../matrix/vas_stokes_1M.mtx
Matrix A is 1090664 by 1090664, #nonzeros = 34767207
communicate_total_num 111756
process time: 2652.87
communicate time 0.29 ms
spmv time 5.43 ms
communicate time + spmv time 5.72 ms  12.16 GFlops
error count 0 
srun: ROUTE: split_hostlist: hl=a17r1n11 tree_width 0
process num:4, thread num:4 
filename = ../matrix/AS365.mtx
Matrix A is 3799275 by 3799275, #nonzeros = 22736152
communicate_total_num 9738
process time: 3732.97
communicate time 0.03 ms
spmv time 11.00 ms
communicate time + spmv time 11.03 ms  4.12 GFlops
error count 0 
srun: ROUTE: split_hostlist: hl=a17r1n11 tree_width 0
process num:4, thread num:4 
filename = ../matrix/M6.mtx
Matrix A is 3501776 by 3501776, #nonzeros = 21003872
communicate_total_num 9241
process time: 3492.42
communicate time 0.03 ms
spmv time 11.89 ms
communicate time + spmv time 11.92 ms  3.52 GFlops
error count 0 
srun: ROUTE: split_hostlist: hl=a17r1n11 tree_width 0
process num:4, thread num:4 
filename = ../matrix/NLR.mtx
Matrix A is 4163763 by 4163763, #nonzeros = 24975952
communicate_total_num 9281
process time: 4150.08
communicate time 0.03 ms
spmv time 13.30 ms
communicate time + spmv time 13.33 ms  3.75 GFlops
error count 0 
srun: ROUTE: split_hostlist: hl=a17r1n11 tree_width 0
process num:4, thread num:4 
filename = ../matrix/cant.mtx
Matrix A is 62451 by 62451, #nonzeros = 4007383
communicate_total_num 2319
process time: 187.89
communicate time 0.01 ms
spmv time 0.17 ms
communicate time + spmv time 0.19 ms  42.41 GFlops
error count 0 
