srun: ROUTE: split_hostlist: hl=a17r1n01 tree_width 0
process num:1, thread num:4 
filename = ../matrix/audikw_1.mtx
Matrix A is 943695 by 943695, #nonzeros = 77651847
communicate_total_num 0
process time: 525.63
communicate time 0.00 ms
spmv time 24.37 ms
communicate time + spmv time 24.37 ms  6.37 GFlops
error count 759148 
srun: ROUTE: split_hostlist: hl=a17r1n01 tree_width 0
process num:1, thread num:4 
filename = ../matrix/bone010.mtx
Matrix A is 986703 by 986703, #nonzeros = 71666325
communicate_total_num 0
process time: 488.37
communicate time 0.00 ms
spmv time 20.31 ms
communicate time + spmv time 20.31 ms  7.06 GFlops
error count 795061 
srun: ROUTE: split_hostlist: hl=a17r1n01 tree_width 0
process num:1, thread num:4 
filename = ../matrix/dielFilterV2real.mtx
Matrix A is 1157456 by 1157456, #nonzeros = 48538952
communicate_total_num 0
process time: 341.14
communicate time 0.00 ms
spmv time 12.39 ms
communicate time + spmv time 12.39 ms  7.83 GFlops
error count 888422 
srun: ROUTE: split_hostlist: hl=a17r1n01 tree_width 0
process num:1, thread num:4 
filename = ../matrix/asia_osm.mtx
Matrix A is 11950757 by 11950757, #nonzeros = 25423206
communicate_total_num 0
process time: 296.09
communicate time 0.00 ms
spmv time 29.37 ms
communicate time + spmv time 29.37 ms  1.73 GFlops
error count 0 
srun: ROUTE: split_hostlist: hl=a17r1n01 tree_width 0
process num:1, thread num:4 
filename = ../matrix/ldoor.mtx
Matrix A is 952203 by 952203, #nonzeros = 46522475
communicate_total_num 0
process time: 323.37
communicate time 0.00 ms
spmv time 15.51 ms
communicate time + spmv time 15.51 ms  6.00 GFlops
error count 665523 
srun: ROUTE: split_hostlist: hl=a17r1n01 tree_width 0
process num:1, thread num:4 
filename = ../matrix/nlpkkt80.mtx
Matrix A is 1062400 by 1062400, #nonzeros = 28704672
communicate_total_num 0
process time: 210.92
communicate time 0.00 ms
spmv time 8.80 ms
communicate time + spmv time 8.80 ms  6.52 GFlops
error count 72004 
srun: ROUTE: split_hostlist: hl=a17r1n01 tree_width 0
process num:1, thread num:4 
filename = ../matrix/rajat31.mtx
Matrix A is 4690002 by 4690002, #nonzeros = 20316253
communicate_total_num 0
process time: 177.80
communicate time 0.00 ms
spmv time 10.76 ms
communicate time + spmv time 10.76 ms  3.78 GFlops
error count 0 
srun: ROUTE: split_hostlist: hl=a17r1n01 tree_width 0
process num:1, thread num:4 
filename = ../matrix/rgg_n_2_21_s0.mtx
Matrix A is 2097152 by 2097152, #nonzeros = 28975990
communicate_total_num 0
process time: 234.07
communicate time 0.00 ms
spmv time 14.12 ms
communicate time + spmv time 14.12 ms  4.11 GFlops
error count 0 
srun: ROUTE: split_hostlist: hl=a17r1n01 tree_width 0
process num:1, thread num:4 
filename = ../matrix/road_central.mtx
Matrix A is 14081816 by 14081816, #nonzeros = 33866826
communicate_total_num 0
process time: 429.36
communicate time 0.00 ms
spmv time 85.96 ms
communicate time + spmv time 85.96 ms  0.79 GFlops
error count 0 
srun: ROUTE: split_hostlist: hl=a17r1n01 tree_width 0
process num:1, thread num:4 
filename = ../matrix/inline_1.mtx
Matrix A is 503712 by 503712, #nonzeros = 36816342
communicate_total_num 0
process time: 250.91
communicate time 0.00 ms
spmv time 13.62 ms
communicate time + spmv time 13.62 ms  5.41 GFlops
error count 405754 
srun: ROUTE: split_hostlist: hl=a17r1n01 tree_width 0
process num:1, thread num:4 
filename = ../matrix/hugebubbles-00000.mtx
Matrix A is 18318143 by 18318143, #nonzeros = 54940162
communicate_total_num 0
process time: 528.09
communicate time 0.00 ms
spmv time 91.32 ms
communicate time + spmv time 91.32 ms  1.20 GFlops
error count 0 
srun: ROUTE: split_hostlist: hl=a17r1n01 tree_width 0
process num:1, thread num:4 
filename = ../matrix/germany_osm.mtx
Matrix A is 11548845 by 11548845, #nonzeros = 24738362
communicate_total_num 0
process time: 296.87
communicate time 0.00 ms
spmv time 46.43 ms
communicate time + spmv time 46.43 ms  1.07 GFlops
error count 0 
srun: ROUTE: split_hostlist: hl=a17r1n01 tree_width 0
process num:1, thread num:4 
filename = ../matrix/italy_osm.mtx
Matrix A is 6686493 by 6686493, #nonzeros = 14027956
communicate_total_num 0
process time: 169.05
communicate time 0.00 ms
spmv time 20.29 ms
communicate time + spmv time 20.29 ms  1.38 GFlops
error count 0 
srun: ROUTE: split_hostlist: hl=a17r1n01 tree_width 0
process num:1, thread num:4 
filename = ../matrix/adaptive.mtx
Matrix A is 6815744 by 6815744, #nonzeros = 27248640
communicate_total_num 0
process time: 242.12
communicate time 0.00 ms
spmv time 24.19 ms
communicate time + spmv time 24.19 ms  2.25 GFlops
error count 0 
srun: ROUTE: split_hostlist: hl=a17r1n01 tree_width 0
process num:1, thread num:4 
filename = ../matrix/ecology1.mtx
Matrix A is 1000000 by 1000000, #nonzeros = 4996000
communicate_total_num 0
process time: 42.97
communicate time 0.00 ms
spmv time 2.11 ms
communicate time + spmv time 2.11 ms  4.73 GFlops
error count 0 
srun: ROUTE: split_hostlist: hl=a17r1n01 tree_width 0
process num:1, thread num:4 
filename = ../matrix/vas_stokes_1M.mtx
Matrix A is 1090664 by 1090664, #nonzeros = 34767207
communicate_total_num 0
process time: 244.39
communicate time 0.00 ms
spmv time 11.50 ms
communicate time + spmv time 11.50 ms  6.05 GFlops
error count 622278 
srun: ROUTE: split_hostlist: hl=a17r1n01 tree_width 0
process num:1, thread num:4 
filename = ../matrix/AS365.mtx
Matrix A is 3799275 by 3799275, #nonzeros = 22736152
communicate_total_num 0
process time: 210.75
communicate time 0.00 ms
spmv time 46.38 ms
communicate time + spmv time 46.38 ms  0.98 GFlops
error count 0 
srun: ROUTE: split_hostlist: hl=a17r1n01 tree_width 0
process num:1, thread num:4 
filename = ../matrix/M6.mtx
Matrix A is 3501776 by 3501776, #nonzeros = 21003872
communicate_total_num 0
process time: 192.92
communicate time 0.00 ms
spmv time 45.42 ms
communicate time + spmv time 45.42 ms  0.92 GFlops
error count 0 
srun: ROUTE: split_hostlist: hl=a17r1n01 tree_width 0
process num:1, thread num:4 
filename = ../matrix/NLR.mtx
Matrix A is 4163763 by 4163763, #nonzeros = 24975952
communicate_total_num 0
process time: 229.66
communicate time 0.00 ms
spmv time 53.27 ms
communicate time + spmv time 53.27 ms  0.94 GFlops
error count 0 
srun: ROUTE: split_hostlist: hl=a17r1n01 tree_width 0
process num:1, thread num:4 
filename = ../matrix/cant.mtx
Matrix A is 62451 by 62451, #nonzeros = 4007383
communicate_total_num 0
process time: 28.51
communicate time 0.00 ms
spmv time 0.96 ms
communicate time + spmv time 0.96 ms  8.35 GFlops
error count 50792 
