srun: ROUTE: split_hostlist: hl=a17r1n02 tree_width 0
process num:2, thread num:4 
filename = ../matrix/audikw_1.mtx
Matrix A is 943695 by 943695, #nonzeros = 77651847
communicate_total_num 10350
process time: 3653.00
communicate time 0.04 ms
spmv time 17.61 ms
communicate time + spmv time 17.65 ms  8.80 GFlops
error count 8686 
srun: ROUTE: split_hostlist: hl=a17r1n02 tree_width 0
process num:2, thread num:4 
filename = ../matrix/bone010.mtx
Matrix A is 986703 by 986703, #nonzeros = 71666325
communicate_total_num 6532
process time: 3416.24
communicate time 0.03 ms
spmv time 11.75 ms
communicate time + spmv time 11.78 ms  12.16 GFlops
error count 6532 
srun: ROUTE: split_hostlist: hl=a17r1n02 tree_width 0
process num:2, thread num:4 
filename = ../matrix/dielFilterV2real.mtx
Matrix A is 1157456 by 1157456, #nonzeros = 48538952
communicate_total_num 9402
process time: 2684.69
communicate time 0.03 ms
spmv time 8.74 ms
communicate time + spmv time 8.77 ms  11.07 GFlops
error count 0 
srun: ROUTE: split_hostlist: hl=a17r1n02 tree_width 0
process num:2, thread num:4 
filename = ../matrix/asia_osm.mtx
Matrix A is 11950757 by 11950757, #nonzeros = 25423206
communicate_total_num 28
process time: 9215.53
communicate time 0.00 ms
spmv time 22.95 ms
communicate time + spmv time 22.95 ms  2.22 GFlops
error count 0 
srun: ROUTE: split_hostlist: hl=a17r1n02 tree_width 0
process num:2, thread num:4 
filename = ../matrix/ldoor.mtx
Matrix A is 952203 by 952203, #nonzeros = 46522475
communicate_total_num 3927
process time: 2037.81
communicate time 0.02 ms
spmv time 15.72 ms
communicate time + spmv time 15.74 ms  5.91 GFlops
error count 0 
srun: ROUTE: split_hostlist: hl=a17r1n02 tree_width 0
process num:2, thread num:4 
filename = ../matrix/nlpkkt80.mtx
Matrix A is 1062400 by 1062400, #nonzeros = 28704672
communicate_total_num 47243
process time: 2426.97
communicate time 0.17 ms
spmv time 5.60 ms
communicate time + spmv time 5.77 ms  9.94 GFlops
error count 0 
srun: ROUTE: split_hostlist: hl=a17r1n02 tree_width 0
process num:2, thread num:4 
filename = ../matrix/rajat31.mtx
Matrix A is 4690002 by 4690002, #nonzeros = 20316253
communicate_total_num 3637
process time: 3915.93
communicate time 0.01 ms
spmv time 5.75 ms
communicate time + spmv time 5.76 ms  7.05 GFlops
error count 0 
srun: ROUTE: split_hostlist: hl=a17r1n02 tree_width 0
process num:2, thread num:4 
filename = ../matrix/rgg_n_2_21_s0.mtx
Matrix A is 2097152 by 2097152, #nonzeros = 28975990
communicate_total_num 4203
process time: 2114.49
communicate time 0.02 ms
spmv time 7.38 ms
communicate time + spmv time 7.40 ms  7.84 GFlops
error count 0 
srun: ROUTE: split_hostlist: hl=a17r1n02 tree_width 0
process num:2, thread num:4 
filename = ../matrix/road_central.mtx
Matrix A is 14081816 by 14081816, #nonzeros = 33866826
communicate_total_num 493
process time: 15772.08
communicate time 0.01 ms
spmv time 42.64 ms
communicate time + spmv time 42.65 ms  1.59 GFlops
error count 0 
srun: ROUTE: split_hostlist: hl=a17r1n02 tree_width 0
process num:2, thread num:4 
filename = ../matrix/inline_1.mtx
Matrix A is 503712 by 503712, #nonzeros = 36816342
communicate_total_num 6960
process time: 1595.10
communicate time 0.02 ms
spmv time 7.55 ms
communicate time + spmv time 7.57 ms  9.73 GFlops
error count 0 
srun: ROUTE: split_hostlist: hl=a17r1n02 tree_width 0
process num:2, thread num:4 
filename = ../matrix/hugebubbles-00000.mtx
Matrix A is 18318143 by 18318143, #nonzeros = 54940162
communicate_total_num 3454
process time: 13881.99
communicate time 0.01 ms
spmv time 42.69 ms
communicate time + spmv time 42.70 ms  2.57 GFlops
error count 0 
srun: ROUTE: split_hostlist: hl=a17r1n02 tree_width 0
process num:2, thread num:4 
filename = ../matrix/germany_osm.mtx
Matrix A is 11548845 by 11548845, #nonzeros = 24738362
communicate_total_num 285
process time: 9649.16
communicate time 0.01 ms
spmv time 25.07 ms
communicate time + spmv time 25.08 ms  1.97 GFlops
error count 0 
srun: ROUTE: split_hostlist: hl=a17r1n02 tree_width 0
process num:2, thread num:4 
filename = ../matrix/italy_osm.mtx
Matrix A is 6686493 by 6686493, #nonzeros = 14027956
communicate_total_num 132
process time: 4422.51
communicate time 0.01 ms
spmv time 10.25 ms
communicate time + spmv time 10.25 ms  2.74 GFlops
error count 0 
srun: ROUTE: split_hostlist: hl=a17r1n02 tree_width 0
process num:2, thread num:4 
filename = ../matrix/adaptive.mtx
Matrix A is 6815744 by 6815744, #nonzeros = 27248640
communicate_total_num 3774
process time: 4686.65
communicate time 0.01 ms
spmv time 14.52 ms
communicate time + spmv time 14.53 ms  3.75 GFlops
error count 0 
srun: ROUTE: split_hostlist: hl=a17r1n02 tree_width 0
process num:2, thread num:4 
filename = ../matrix/ecology1.mtx
Matrix A is 1000000 by 1000000, #nonzeros = 4996000
communicate_total_num 2142
process time: 599.10
communicate time 0.01 ms
spmv time 0.93 ms
communicate time + spmv time 0.94 ms  10.60 GFlops
error count 0 
srun: ROUTE: split_hostlist: hl=a17r1n02 tree_width 0
process num:2, thread num:4 
filename = ../matrix/vas_stokes_1M.mtx
Matrix A is 1090664 by 1090664, #nonzeros = 34767207
communicate_total_num 41569
process time: 2586.68
communicate time 0.17 ms
spmv time 6.28 ms
communicate time + spmv time 6.45 ms  10.79 GFlops
error count 0 
srun: ROUTE: split_hostlist: hl=a17r1n02 tree_width 0
process num:2, thread num:4 
filename = ../matrix/AS365.mtx
Matrix A is 3799275 by 3799275, #nonzeros = 22736152
communicate_total_num 2515
process time: 3958.38
communicate time 0.01 ms
spmv time 25.16 ms
communicate time + spmv time 25.17 ms  1.81 GFlops
error count 0 
srun: ROUTE: split_hostlist: hl=a17r1n02 tree_width 0
process num:2, thread num:4 
filename = ../matrix/M6.mtx
Matrix A is 3501776 by 3501776, #nonzeros = 21003872
communicate_total_num 2894
process time: 3594.82
communicate time 0.01 ms
spmv time 26.31 ms
communicate time + spmv time 26.32 ms  1.60 GFlops
error count 0 
srun: ROUTE: split_hostlist: hl=a17r1n02 tree_width 0
process num:2, thread num:4 
filename = ../matrix/NLR.mtx
Matrix A is 4163763 by 4163763, #nonzeros = 24975952
communicate_total_num 4237
process time: 4321.99
communicate time 0.02 ms
spmv time 23.56 ms
communicate time + spmv time 23.57 ms  2.12 GFlops
error count 0 
srun: ROUTE: split_hostlist: hl=a17r1n02 tree_width 0
process num:2, thread num:4 
filename = ../matrix/cant.mtx
Matrix A is 62451 by 62451, #nonzeros = 4007383
communicate_total_num 595
process time: 186.61
communicate time 0.01 ms
spmv time 0.33 ms
communicate time + spmv time 0.34 ms  23.78 GFlops
error count 0 
