srun: ROUTE: split_hostlist: hl=a17r1n02 tree_width 0
process num:2, thread num:4 
filename = ../matrix/audikw_1.mtx
Matrix A is 943695 by 943695, #nonzeros = 77651847
communicate_total_num 729675
preprocess time: 834.87
communicate time 2.57 ms
spmv time 27.57 ms
communicate time + spmv time 30.14 ms  5.15 GFlops
error count 0 
srun: ROUTE: split_hostlist: hl=a17r1n02 tree_width 0
process num:2, thread num:4 
filename = ../matrix/bone010.mtx
Matrix A is 986703 by 986703, #nonzeros = 71666325
communicate_total_num 14031
preprocess time: 494.71
communicate time 0.09 ms
spmv time 14.95 ms
communicate time + spmv time 15.04 ms  9.53 GFlops
error count 0 
srun: ROUTE: split_hostlist: hl=a17r1n02 tree_width 0
process num:2, thread num:4 
filename = ../matrix/dielFilterV2real.mtx
Matrix A is 1157456 by 1157456, #nonzeros = 48538952
communicate_total_num 718136
preprocess time: 508.75
communicate time 2.64 ms
spmv time 18.99 ms
communicate time + spmv time 21.63 ms  4.49 GFlops
error count 0 
srun: ROUTE: split_hostlist: hl=a17r1n02 tree_width 0
process num:2, thread num:4 
filename = ../matrix/asia_osm.mtx
Matrix A is 11950757 by 11950757, #nonzeros = 25423206
communicate_total_num 745231
preprocess time: 349.20
communicate time 2.76 ms
spmv time 19.94 ms
communicate time + spmv time 22.69 ms  2.24 GFlops
error count 0 
srun: ROUTE: split_hostlist: hl=a17r1n02 tree_width 0
process num:2, thread num:4 
filename = ../matrix/ldoor.mtx
Matrix A is 952203 by 952203, #nonzeros = 46522475
communicate_total_num 307307
preprocess time: 401.12
communicate time 1.08 ms
spmv time 7.76 ms
communicate time + spmv time 8.85 ms  10.52 GFlops
error count 0 
srun: ROUTE: split_hostlist: hl=a17r1n02 tree_width 0
process num:2, thread num:4 
filename = ../matrix/nlpkkt80.mtx
Matrix A is 1062400 by 1062400, #nonzeros = 28704672
communicate_total_num 1037428
preprocess time: 587.62
communicate time 3.37 ms
spmv time 12.17 ms
communicate time + spmv time 15.53 ms  3.70 GFlops
error count 0 
srun: ROUTE: split_hostlist: hl=a17r1n02 tree_width 0
process num:2, thread num:4 
filename = ../matrix/rajat31.mtx
Matrix A is 4690002 by 4690002, #nonzeros = 20316253
communicate_total_num 5922
preprocess time: 184.53
communicate time 0.04 ms
spmv time 5.91 ms
communicate time + spmv time 5.95 ms  6.83 GFlops
error count 0 
srun: ROUTE: split_hostlist: hl=a17r1n02 tree_width 0
process num:2, thread num:4 
filename = ../matrix/rgg_n_2_21_s0.mtx
Matrix A is 2097152 by 2097152, #nonzeros = 28975990
communicate_total_num 6045
preprocess time: 234.11
communicate time 0.04 ms
spmv time 7.02 ms
communicate time + spmv time 7.06 ms  8.21 GFlops
error count 0 
srun: ROUTE: split_hostlist: hl=a17r1n02 tree_width 0
process num:2, thread num:4 
filename = ../matrix/road_central.mtx
Matrix A is 14081816 by 14081816, #nonzeros = 33866826
communicate_total_num 1376262
preprocess time: 503.60
communicate time 4.24 ms
spmv time 66.18 ms
communicate time + spmv time 70.42 ms  0.96 GFlops
error count 0 
srun: ROUTE: split_hostlist: hl=a17r1n02 tree_width 0
process num:2, thread num:4 
filename = ../matrix/inline_1.mtx
Matrix A is 503712 by 503712, #nonzeros = 36816342
communicate_total_num 16824
preprocess time: 255.79
communicate time 0.12 ms
spmv time 12.98 ms
communicate time + spmv time 13.10 ms  5.62 GFlops
error count 0 
srun: ROUTE: split_hostlist: hl=a17r1n02 tree_width 0
process num:2, thread num:4 
filename = ../matrix/hugebubbles-00000.mtx
Matrix A is 18318143 by 18318143, #nonzeros = 54940162
communicate_total_num 10605957
preprocess time: 853.24
communicate time 29.78 ms
spmv time 70.18 ms
communicate time + spmv time 99.97 ms  1.10 GFlops
error count 0 
srun: ROUTE: split_hostlist: hl=a17r1n02 tree_width 0
process num:2, thread num:4 
filename = ../matrix/germany_osm.mtx
Matrix A is 11548845 by 11548845, #nonzeros = 24738362
communicate_total_num 1346891
preprocess time: 397.92
communicate time 4.59 ms
spmv time 28.82 ms
communicate time + spmv time 33.42 ms  1.48 GFlops
error count 0 
srun: ROUTE: split_hostlist: hl=a17r1n02 tree_width 0
process num:2, thread num:4 
filename = ../matrix/italy_osm.mtx
Matrix A is 6686493 by 6686493, #nonzeros = 14027956
communicate_total_num 405709
preprocess time: 195.96
communicate time 1.38 ms
spmv time 14.95 ms
communicate time + spmv time 16.33 ms  1.72 GFlops
error count 0 
srun: ROUTE: split_hostlist: hl=a17r1n02 tree_width 0
process num:2, thread num:4 
filename = ../matrix/adaptive.mtx
Matrix A is 6815744 by 6815744, #nonzeros = 27248640
communicate_total_num 4887755
preprocess time: 397.85
communicate time 14.22 ms
spmv time 24.77 ms
communicate time + spmv time 39.00 ms  1.40 GFlops
error count 0 
srun: ROUTE: split_hostlist: hl=a17r1n02 tree_width 0
process num:2, thread num:4 
filename = ../matrix/ecology1.mtx
Matrix A is 1000000 by 1000000, #nonzeros = 4996000
communicate_total_num 2000
preprocess time: 45.35
communicate time 0.02 ms
spmv time 2.29 ms
communicate time + spmv time 2.31 ms  4.32 GFlops
error count 0 
srun: ROUTE: split_hostlist: hl=a17r1n02 tree_width 0
process num:2, thread num:4 
filename = ../matrix/vas_stokes_1M.mtx
Matrix A is 1090664 by 1090664, #nonzeros = 34767207
communicate_total_num 753893
preprocess time: 410.81
communicate time 2.56 ms
spmv time 14.69 ms
communicate time + spmv time 17.25 ms  4.03 GFlops
error count 0 
srun: ROUTE: split_hostlist: hl=a17r1n02 tree_width 0
process num:2, thread num:4 
filename = ../matrix/AS365.mtx
Matrix A is 3799275 by 3799275, #nonzeros = 22736152
communicate_total_num 3576937
preprocess time: 458.30
communicate time 7.83 ms
spmv time 36.69 ms
communicate time + spmv time 44.52 ms  1.02 GFlops
error count 0 
srun: ROUTE: split_hostlist: hl=a17r1n02 tree_width 0
process num:2, thread num:4 
filename = ../matrix/M6.mtx
Matrix A is 3501776 by 3501776, #nonzeros = 21003872
communicate_total_num 3270480
preprocess time: 419.01
communicate time 11.96 ms
spmv time 26.65 ms
communicate time + spmv time 38.60 ms  1.09 GFlops
error count 0 
srun: ROUTE: split_hostlist: hl=a17r1n02 tree_width 0
process num:2, thread num:4 
filename = ../matrix/NLR.mtx
Matrix A is 4163763 by 4163763, #nonzeros = 24975952
communicate_total_num 3845659
preprocess time: 510.61
communicate time 11.07 ms
spmv time 38.35 ms
communicate time + spmv time 49.42 ms  1.01 GFlops
error count 0 
srun: ROUTE: split_hostlist: hl=a17r1n02 tree_width 0
process num:2, thread num:4 
filename = ../matrix/cant.mtx
Matrix A is 62451 by 62451, #nonzeros = 4007383
communicate_total_num 549
preprocess time: 29.14
communicate time 0.01 ms
spmv time 0.56 ms
communicate time + spmv time 0.57 ms  14.04 GFlops
error count 0 
