srun: ROUTE: split_hostlist: hl=a17r1n[05-06] tree_width 0
process num:16, thread num:4 
filename = ../matrix/audikw_1.mtx
Matrix A is 943695 by 943695, #nonzeros = 77651847
communicate_total_num 1825329
preprocess time: 1105.44
communicate time 47.37 ms
spmv time 5.48 ms
communicate time + spmv time 52.85 ms  2.94 GFlops
error count 0 
srun: ROUTE: split_hostlist: hl=a17r1n[05-06] tree_width 0
process num:16, thread num:4 
filename = ../matrix/bone010.mtx
Matrix A is 986703 by 986703, #nonzeros = 71666325
communicate_total_num 272772
preprocess time: 617.84
communicate time 1.26 ms
spmv time 5.75 ms
communicate time + spmv time 7.01 ms  20.44 GFlops
error count 0 
srun: ROUTE: split_hostlist: hl=a17r1n[05-06] tree_width 0
process num:16, thread num:4 
filename = ../matrix/dielFilterV2real.mtx
Matrix A is 1157456 by 1157456, #nonzeros = 48538952
communicate_total_num 1443588
preprocess time: 667.64
communicate time 50.18 ms
spmv time 5.17 ms
communicate time + spmv time 55.36 ms  1.75 GFlops
error count 0 
srun: ROUTE: split_hostlist: hl=a17r1n[05-06] tree_width 0
process num:16, thread num:4 
filename = ../matrix/asia_osm.mtx
Matrix A is 11950757 by 11950757, #nonzeros = 25423206
communicate_total_num 1550532
preprocess time: 585.23
communicate time 27.77 ms
spmv time 5.04 ms
communicate time + spmv time 32.80 ms  1.55 GFlops
error count 0 
srun: ROUTE: split_hostlist: hl=a17r1n[05-06] tree_width 0
process num:16, thread num:4 
filename = ../matrix/ldoor.mtx
Matrix A is 952203 by 952203, #nonzeros = 46522475
communicate_total_num 1354332
preprocess time: 630.88
communicate time 19.17 ms
spmv time 7.29 ms
communicate time + spmv time 26.46 ms  3.52 GFlops
error count 0 
srun: ROUTE: split_hostlist: hl=a17r1n[05-06] tree_width 0
process num:16, thread num:4 
filename = ../matrix/nlpkkt80.mtx
Matrix A is 1062400 by 1062400, #nonzeros = 28704672
communicate_total_num 1261324
preprocess time: 612.89
communicate time 45.28 ms
spmv time 2.90 ms
communicate time + spmv time 48.18 ms  1.19 GFlops
error count 0 
srun: Job 30682582 step creation temporarily disabled, retrying (Requested nodes are busy)
srun: Step created for job 30682582
srun: ROUTE: split_hostlist: hl=a17r1n[05-06] tree_width 0
process num:16, thread num:4 
filename = ../matrix/rajat31.mtx
Matrix A is 4690002 by 4690002, #nonzeros = 20316253
communicate_total_num 44898
preprocess time: 254.18
communicate time 0.64 ms
spmv time 4.08 ms
communicate time + spmv time 4.72 ms  8.61 GFlops
error count 0 
srun: ROUTE: split_hostlist: hl=a17r1n[05-06] tree_width 0
process num:16, thread num:4 
filename = ../matrix/rgg_n_2_21_s0.mtx
Matrix A is 2097152 by 2097152, #nonzeros = 28975990
communicate_total_num 39137
preprocess time: 277.32
communicate time 0.53 ms
spmv time 2.66 ms
communicate time + spmv time 3.19 ms  18.14 GFlops
error count 0 
srun: ROUTE: split_hostlist: hl=a17r1n[05-06] tree_width 0
process num:16, thread num:4 
filename = ../matrix/road_central.mtx
Matrix A is 14081816 by 14081816, #nonzeros = 33866826
communicate_total_num 15802051
preprocess time: 1379.03
communicate time 102.25 ms
spmv time 16.44 ms
communicate time + spmv time 118.69 ms  0.57 GFlops
error count 0 
srun: ROUTE: split_hostlist: hl=a17r1n[05-06] tree_width 0
process num:16, thread num:4 
filename = ../matrix/inline_1.mtx
Matrix A is 503712 by 503712, #nonzeros = 36816342
communicate_total_num 1222980
preprocess time: 552.16
communicate time 2.42 ms
spmv time 8.49 ms
communicate time + spmv time 10.91 ms  6.75 GFlops
error count 0 
srun: ROUTE: split_hostlist: hl=a17r1n[05-06] tree_width 0
process num:16, thread num:4 
filename = ../matrix/hugebubbles-00000.mtx
Matrix A is 18318143 by 18318143, #nonzeros = 54940162
communicate_total_num 20754734
preprocess time: 1526.94
communicate time 461.37 ms
spmv time 12.20 ms
communicate time + spmv time 473.56 ms  0.23 GFlops
error count 1081532 
srun: ROUTE: split_hostlist: hl=a17r1n[05-06] tree_width 0
process num:16, thread num:4 
filename = ../matrix/germany_osm.mtx
Matrix A is 11548845 by 11548845, #nonzeros = 24738362
communicate_total_num 2869690
preprocess time: 672.00
communicate time 49.75 ms
spmv time 8.03 ms
communicate time + spmv time 57.77 ms  0.86 GFlops
error count 0 
srun: ROUTE: split_hostlist: hl=a17r1n[05-06] tree_width 0
process num:16, thread num:4 
filename = ../matrix/italy_osm.mtx
Matrix A is 6686493 by 6686493, #nonzeros = 14027956
communicate_total_num 888746
preprocess time: 350.73
communicate time 15.39 ms
spmv time 3.81 ms
communicate time + spmv time 19.20 ms  1.46 GFlops
error count 0 
srun: ROUTE: split_hostlist: hl=a17r1n[05-06] tree_width 0
process num:16, thread num:4 
filename = ../matrix/adaptive.mtx
Matrix A is 6815744 by 6815744, #nonzeros = 27248640
communicate_total_num 8078667
preprocess time: 578.47
communicate time 225.03 ms
spmv time 3.78 ms
communicate time + spmv time 228.81 ms  0.24 GFlops
error count 0 
srun: ROUTE: split_hostlist: hl=a17r1n[05-06] tree_width 0
process num:16, thread num:4 
filename = ../matrix/ecology1.mtx
Matrix A is 1000000 by 1000000, #nonzeros = 4996000
communicate_total_num 30000
preprocess time: 70.70
communicate time 0.58 ms
spmv time 0.94 ms
communicate time + spmv time 1.52 ms  6.58 GFlops
error count 0 
srun: ROUTE: split_hostlist: hl=a17r1n[05-06] tree_width 0
process num:16, thread num:4 
filename = ../matrix/vas_stokes_1M.mtx
Matrix A is 1090664 by 1090664, #nonzeros = 34767207
communicate_total_num 1685812
preprocess time: 558.33
communicate time 53.95 ms
spmv time 7.49 ms
communicate time + spmv time 61.45 ms  1.13 GFlops
error count 0 
srun: ROUTE: split_hostlist: hl=a17r1n[05-06] tree_width 0
process num:16, thread num:4 
filename = ../matrix/AS365.mtx
Matrix A is 3799275 by 3799275, #nonzeros = 22736152
communicate_total_num 12450268
preprocess time: 882.47
communicate time 260.72 ms
spmv time 8.15 ms
communicate time + spmv time 268.87 ms  0.17 GFlops
error count 0 
srun: ROUTE: split_hostlist: hl=a17r1n[05-06] tree_width 0
process num:16, thread num:4 
filename = ../matrix/M6.mtx
Matrix A is 3501776 by 3501776, #nonzeros = 21003872
communicate_total_num 11864650
preprocess time: 854.65
communicate time 244.01 ms
spmv time 6.97 ms
communicate time + spmv time 250.98 ms  0.17 GFlops
error count 0 
srun: ROUTE: split_hostlist: hl=a17r1n[05-06] tree_width 0
process num:16, thread num:4 
filename = ../matrix/NLR.mtx
Matrix A is 4163763 by 4163763, #nonzeros = 24975952
communicate_total_num 13913505
preprocess time: 1005.21
communicate time 285.21 ms
spmv time 10.02 ms
communicate time + spmv time 295.23 ms  0.17 GFlops
error count 0 
srun: ROUTE: split_hostlist: hl=a17r1n[05-06] tree_width 0
process num:16, thread num:4 
filename = ../matrix/cant.mtx
Matrix A is 62451 by 62451, #nonzeros = 4007383
communicate_total_num 8142
preprocess time: 35.74
communicate time 0.48 ms
spmv time 0.27 ms
communicate time + spmv time 0.75 ms  10.69 GFlops
error count 0 
