srun: ROUTE: split_hostlist: hl=a17r1n01 tree_width 0
process num:1, thread num:4 
filename = ../matrix/audikw_1.mtx
Matrix A is 943695 by 943695, #nonzeros = 77651847
communicate_total_num 0
preprocess time: 526.25
communicate time 0.00 ms
spmv time 31.70 ms
communicate time + spmv time 31.70 ms  4.90 GFlops
error count 0 
srun: ROUTE: split_hostlist: hl=a17r1n01 tree_width 0
process num:1, thread num:4 
filename = ../matrix/bone010.mtx
Matrix A is 986703 by 986703, #nonzeros = 71666325
communicate_total_num 0
preprocess time: 486.94
communicate time 0.00 ms
spmv time 23.87 ms
communicate time + spmv time 23.87 ms  6.00 GFlops
error count 0 
srun: ROUTE: split_hostlist: hl=a17r1n01 tree_width 0
process num:1, thread num:4 
filename = ../matrix/dielFilterV2real.mtx
Matrix A is 1157456 by 1157456, #nonzeros = 48538952
communicate_total_num 0
preprocess time: 340.15
communicate time 0.00 ms
spmv time 19.05 ms
communicate time + spmv time 19.05 ms  5.10 GFlops
error count 0 
srun: ROUTE: split_hostlist: hl=a17r1n01 tree_width 0
process num:1, thread num:4 
filename = ../matrix/asia_osm.mtx
Matrix A is 11950757 by 11950757, #nonzeros = 25423206
communicate_total_num 0
preprocess time: 295.17
communicate time 0.00 ms
spmv time 38.20 ms
communicate time + spmv time 38.20 ms  1.33 GFlops
error count 0 
srun: ROUTE: split_hostlist: hl=a17r1n01 tree_width 0
process num:1, thread num:4 
filename = ../matrix/ldoor.mtx
Matrix A is 952203 by 952203, #nonzeros = 46522475
communicate_total_num 0
preprocess time: 322.49
communicate time 0.00 ms
spmv time 16.81 ms
communicate time + spmv time 16.81 ms  5.53 GFlops
error count 0 
srun: ROUTE: split_hostlist: hl=a17r1n01 tree_width 0
process num:1, thread num:4 
filename = ../matrix/nlpkkt80.mtx
Matrix A is 1062400 by 1062400, #nonzeros = 28704672
communicate_total_num 0
preprocess time: 207.54
communicate time 0.00 ms
spmv time 11.35 ms
communicate time + spmv time 11.35 ms  5.06 GFlops
error count 0 
srun: ROUTE: split_hostlist: hl=a17r1n01 tree_width 0
process num:1, thread num:4 
filename = ../matrix/rajat31.mtx
Matrix A is 4690002 by 4690002, #nonzeros = 20316253
communicate_total_num 0
preprocess time: 178.54
communicate time 0.00 ms
spmv time 11.98 ms
communicate time + spmv time 11.98 ms  3.39 GFlops
error count 0 
srun: ROUTE: split_hostlist: hl=a17r1n01 tree_width 0
process num:1, thread num:4 
filename = ../matrix/rgg_n_2_21_s0.mtx
Matrix A is 2097152 by 2097152, #nonzeros = 28975990
communicate_total_num 0
preprocess time: 229.34
communicate time 0.00 ms
spmv time 14.05 ms
communicate time + spmv time 14.05 ms  4.12 GFlops
error count 0 
srun: ROUTE: split_hostlist: hl=a17r1n01 tree_width 0
process num:1, thread num:4 
filename = ../matrix/road_central.mtx
Matrix A is 14081816 by 14081816, #nonzeros = 33866826
communicate_total_num 0
preprocess time: 437.11
communicate time 0.00 ms
spmv time 117.93 ms
communicate time + spmv time 117.93 ms  0.57 GFlops
error count 0 
srun: ROUTE: split_hostlist: hl=a17r1n01 tree_width 0
process num:1, thread num:4 
filename = ../matrix/inline_1.mtx
Matrix A is 503712 by 503712, #nonzeros = 36816342
communicate_total_num 0
preprocess time: 251.36
communicate time 0.00 ms
spmv time 14.36 ms
communicate time + spmv time 14.36 ms  5.13 GFlops
error count 0 
srun: ROUTE: split_hostlist: hl=a17r1n01 tree_width 0
process num:1, thread num:4 
filename = ../matrix/hugebubbles-00000.mtx
Matrix A is 18318143 by 18318143, #nonzeros = 54940162
communicate_total_num 0
preprocess time: 546.06
communicate time 0.00 ms
spmv time 118.06 ms
communicate time + spmv time 118.06 ms  0.93 GFlops
error count 0 
srun: ROUTE: split_hostlist: hl=a17r1n01 tree_width 0
process num:1, thread num:4 
filename = ../matrix/germany_osm.mtx
Matrix A is 11548845 by 11548845, #nonzeros = 24738362
communicate_total_num 0
preprocess time: 307.13
communicate time 0.00 ms
spmv time 52.33 ms
communicate time + spmv time 52.33 ms  0.95 GFlops
error count 0 
srun: ROUTE: split_hostlist: hl=a17r1n01 tree_width 0
process num:1, thread num:4 
filename = ../matrix/italy_osm.mtx
Matrix A is 6686493 by 6686493, #nonzeros = 14027956
communicate_total_num 0
preprocess time: 161.81
communicate time 0.00 ms
spmv time 18.01 ms
communicate time + spmv time 18.01 ms  1.56 GFlops
error count 0 
srun: ROUTE: split_hostlist: hl=a17r1n01 tree_width 0
process num:1, thread num:4 
filename = ../matrix/adaptive.mtx
Matrix A is 6815744 by 6815744, #nonzeros = 27248640
communicate_total_num 0
preprocess time: 248.03
communicate time 0.00 ms
spmv time 29.39 ms
communicate time + spmv time 29.39 ms  1.85 GFlops
error count 0 
srun: ROUTE: split_hostlist: hl=a17r1n01 tree_width 0
process num:1, thread num:4 
filename = ../matrix/ecology1.mtx
Matrix A is 1000000 by 1000000, #nonzeros = 4996000
communicate_total_num 0
preprocess time: 43.02
communicate time 0.00 ms
spmv time 2.44 ms
communicate time + spmv time 2.44 ms  4.10 GFlops
error count 0 
srun: ROUTE: split_hostlist: hl=a17r1n01 tree_width 0
process num:1, thread num:4 
filename = ../matrix/vas_stokes_1M.mtx
Matrix A is 1090664 by 1090664, #nonzeros = 34767207
communicate_total_num 0
preprocess time: 245.12
communicate time 0.00 ms
spmv time 14.31 ms
communicate time + spmv time 14.31 ms  4.86 GFlops
error count 0 
srun: ROUTE: split_hostlist: hl=a17r1n01 tree_width 0
process num:1, thread num:4 
filename = ../matrix/AS365.mtx
Matrix A is 3799275 by 3799275, #nonzeros = 22736152
communicate_total_num 0
preprocess time: 207.08
communicate time 0.00 ms
spmv time 53.24 ms
communicate time + spmv time 53.24 ms  0.85 GFlops
error count 0 
srun: ROUTE: split_hostlist: hl=a17r1n01 tree_width 0
process num:1, thread num:4 
filename = ../matrix/M6.mtx
Matrix A is 3501776 by 3501776, #nonzeros = 21003872
communicate_total_num 0
preprocess time: 190.34
communicate time 0.00 ms
spmv time 49.47 ms
communicate time + spmv time 49.47 ms  0.85 GFlops
error count 0 
srun: ROUTE: split_hostlist: hl=a17r1n01 tree_width 0
process num:1, thread num:4 
filename = ../matrix/NLR.mtx
Matrix A is 4163763 by 4163763, #nonzeros = 24975952
communicate_total_num 0
preprocess time: 226.89
communicate time 0.00 ms
spmv time 60.78 ms
communicate time + spmv time 60.78 ms  0.82 GFlops
error count 0 
srun: ROUTE: split_hostlist: hl=a17r1n01 tree_width 0
process num:1, thread num:4 
filename = ../matrix/cant.mtx
Matrix A is 62451 by 62451, #nonzeros = 4007383
communicate_total_num 0
preprocess time: 28.69
communicate time 0.00 ms
spmv time 1.25 ms
communicate time + spmv time 1.25 ms  6.42 GFlops
error count 0 
