The system is: Linux - 3.10.0-957.el7.x86_64 - x86_64
Compiling the C compiler identification source file "CMakeCCompilerId.c" succeeded.
Compiler: /opt/rh/devtoolset-7/root/usr/bin/gcc 
Build flags: 
Id flags: 

The output was:
0


Compilation of the C compiler identification source "CMakeCCompilerId.c" produced "a.out"

The C compiler identification is GNU, found in "/public/home/ghfund2_a17/metis-5.1.0/build/Linux-x86_64/CMakeFiles/2.8.12.2/CompilerIdC/a.out"

Compiling the CXX compiler identification source file "CMakeCXXCompilerId.cpp" succeeded.
Compiler: /opt/rh/devtoolset-7/root/usr/bin/c++ 
Build flags: 
Id flags: 

The output was:
0


Compilation of the CXX compiler identification source "CMakeCXXCompilerId.cpp" produced "a.out"

The CXX compiler identification is GNU, found in "/public/home/ghfund2_a17/metis-5.1.0/build/Linux-x86_64/CMakeFiles/2.8.12.2/CompilerIdCXX/a.out"

Determining if the C compiler works passed with the following output:
Change Dir: /public/home/ghfund2_a17/metis-5.1.0/build/Linux-x86_64/CMakeFiles/CMakeTmp

Run Build Command:/opt/rh/devtoolset-7/root/usr/bin/gmake "cmTryCompileExec4080248184/fast"
gmake[1]: Entering directory '/public/home/ghfund2_a17/metis-5.1.0/build/Linux-x86_64/CMakeFiles/CMakeTmp'
/opt/rh/devtoolset-7/root/usr/bin/gmake -f CMakeFiles/cmTryCompileExec4080248184.dir/build.make CMakeFiles/cmTryCompileExec4080248184.dir/build
gmake[2]: Entering directory '/public/home/ghfund2_a17/metis-5.1.0/build/Linux-x86_64/CMakeFiles/CMakeTmp'
/usr/bin/cmake -E cmake_progress_report /public/home/ghfund2_a17/metis-5.1.0/build/Linux-x86_64/CMakeFiles/CMakeTmp/CMakeFiles 1
Building C object CMakeFiles/cmTryCompileExec4080248184.dir/testCCompiler.c.o
/opt/rh/devtoolset-7/root/usr/bin/gcc    -o CMakeFiles/cmTryCompileExec4080248184.dir/testCCompiler.c.o   -c /public/home/ghfund2_a17/metis-5.1.0/build/Linux-x86_64/CMakeFiles/CMakeTmp/testCCompiler.c
Linking C executable cmTryCompileExec4080248184
/usr/bin/cmake -E cmake_link_script CMakeFiles/cmTryCompileExec4080248184.dir/link.txt --verbose=1
/opt/rh/devtoolset-7/root/usr/bin/gcc      -Wl,-rpath=/opt/rh/devtoolset-7/root/usr/lib64 -Wl,-rpath=/opt/rh/devtoolset-7/root/usr/lib CMakeFiles/cmTryCompileExec4080248184.dir/testCCompiler.c.o  -o cmTryCompileExec4080248184 -rdynamic 
gmake[2]: Leaving directory '/public/home/ghfund2_a17/metis-5.1.0/build/Linux-x86_64/CMakeFiles/CMakeTmp'
gmake[1]: Leaving directory '/public/home/ghfund2_a17/metis-5.1.0/build/Linux-x86_64/CMakeFiles/CMakeTmp'


Detecting C compiler ABI info compiled with the following output:
Change Dir: /public/home/ghfund2_a17/metis-5.1.0/build/Linux-x86_64/CMakeFiles/CMakeTmp

Run Build Command:/opt/rh/devtoolset-7/root/usr/bin/gmake "cmTryCompileExec785060873/fast"
gmake[1]: Entering directory '/public/home/ghfund2_a17/metis-5.1.0/build/Linux-x86_64/CMakeFiles/CMakeTmp'
/opt/rh/devtoolset-7/root/usr/bin/gmake -f CMakeFiles/cmTryCompileExec785060873.dir/build.make CMakeFiles/cmTryCompileExec785060873.dir/build
gmake[2]: Entering directory '/public/home/ghfund2_a17/metis-5.1.0/build/Linux-x86_64/CMakeFiles/CMakeTmp'
/usr/bin/cmake -E cmake_progress_report /public/home/ghfund2_a17/metis-5.1.0/build/Linux-x86_64/CMakeFiles/CMakeTmp/CMakeFiles 1
Building C object CMakeFiles/cmTryCompileExec785060873.dir/CMakeCCompilerABI.c.o
/opt/rh/devtoolset-7/root/usr/bin/gcc    -o CMakeFiles/cmTryCompileExec785060873.dir/CMakeCCompilerABI.c.o   -c /usr/share/cmake/Modules/CMakeCCompilerABI.c
Linking C executable cmTryCompileExec785060873
/usr/bin/cmake -E cmake_link_script CMakeFiles/cmTryCompileExec785060873.dir/link.txt --verbose=1
/opt/rh/devtoolset-7/root/usr/bin/gcc     -v CMakeFiles/cmTryCompileExec785060873.dir/CMakeCCompilerABI.c.o  -o cmTryCompileExec785060873 -rdynamic  
Using built-in specs.
COLLECT_GCC=/opt/rh/devtoolset-7/root/usr/bin/gcc
COLLECT_LTO_WRAPPER=/opt/rh/devtoolset-7/root/usr/libexec/gcc/x86_64-redhat-linux/7/lto-wrapper
Target: x86_64-redhat-linux
Configured with: ../configure --enable-bootstrap --enable-languages=c,c++,fortran,lto --prefix=/opt/rh/devtoolset-7/root/usr --mandir=/opt/rh/devtoolset-7/root/usr/share/man --infodir=/opt/rh/devtoolset-7/root/usr/share/info --with-bugurl=http://bugzilla.redhat.com/bugzilla --enable-shared --enable-threads=posix --enable-checking=release --enable-multilib --with-system-zlib --enable-__cxa_atexit --disable-libunwind-exceptions --enable-gnu-unique-object --enable-linker-build-id --with-gcc-major-version-only --enable-plugin --with-linker-hash-style=gnu --enable-initfini-array --with-default-libstdcxx-abi=gcc4-compatible --with-isl=/builddir/build/BUILD/gcc-7.3.1-20180303/obj-x86_64-redhat-linux/isl-install --enable-libmpx --enable-gnu-indirect-function --with-tune=generic --with-arch_32=i686 --build=x86_64-redhat-linux
Thread model: posix
gcc version 7.3.1 20180303 (Red Hat 7.3.1-5) (GCC) 
COMPILER_PATH=/opt/rh/devtoolset-7/root/usr/libexec/gcc/x86_64-redhat-linux/7/:/opt/rh/devtoolset-7/root/usr/libexec/gcc/x86_64-redhat-linux/7/:/opt/rh/devtoolset-7/root/usr/libexec/gcc/x86_64-redhat-linux/:/opt/rh/devtoolset-7/root/usr/lib/gcc/x86_64-redhat-linux/7/:/opt/rh/devtoolset-7/root/usr/lib/gcc/x86_64-redhat-linux/
LIBRARY_PATH=/opt/rh/devtoolset-7/root/usr/lib/gcc/x86_64-redhat-linux/7/:/opt/rh/devtoolset-7/root/usr/lib/gcc/x86_64-redhat-linux/7/../../../../lib64/:/lib/../lib64/:/usr/lib/../lib64/:/opt/hpc/software/compiler/intel/intel-compiler-2017.5.239/compiler/lib/intel64_lin/:/opt/hpc/software/compiler/intel/intel-compiler-2017.5.239/mkl/lib/intel64_lin/:/opt/hpc/software/compiler/intel/intel-compiler-2017.5.239/tbb/lib/intel64_lin/:/opt/hpc/software/mpi/hpcx/v2.7.4/gcc-7.3.1/lib/:/opt/hpc/software/mpi/hpcx/v2.7.4/sharp/lib/:/opt/hpc/software/mpi/hpcx/v2.7.4/hcoll/lib/:/opt/hpc/software/mpi/hpcx/v2.7.4/ucx_without_rocm/lib/:/opt/rh/devtoolset-7/root/usr/lib/gcc/x86_64-redhat-linux/7/../../../:/lib/:/usr/lib/
COLLECT_GCC_OPTIONS='-v' '-o' 'cmTryCompileExec785060873' '-rdynamic' '-mtune=generic' '-march=x86-64'
 /opt/rh/devtoolset-7/root/usr/libexec/gcc/x86_64-redhat-linux/7/collect2 -plugin /opt/rh/devtoolset-7/root/usr/libexec/gcc/x86_64-redhat-linux/7/liblto_plugin.so -plugin-opt=/opt/rh/devtoolset-7/root/usr/libexec/gcc/x86_64-redhat-linux/7/lto-wrapper -plugin-opt=-fresolution=/tmp/ccBo76Ef.res -plugin-opt=-pass-through=-lgcc -plugin-opt=-pass-through=-lgcc_s -plugin-opt=-pass-through=-lc -plugin-opt=-pass-through=-lgcc -plugin-opt=-pass-through=-lgcc_s --build-id --no-add-needed --eh-frame-hdr --hash-style=gnu -m elf_x86_64 -export-dynamic -dynamic-linker /lib64/ld-linux-x86-64.so.2 -o cmTryCompileExec785060873 /lib/../lib64/crt1.o /lib/../lib64/crti.o /opt/rh/devtoolset-7/root/usr/lib/gcc/x86_64-redhat-linux/7/crtbegin.o -L/opt/rh/devtoolset-7/root/usr/lib/gcc/x86_64-redhat-linux/7 -L/opt/rh/devtoolset-7/root/usr/lib/gcc/x86_64-redhat-linux/7/../../../../lib64 -L/lib/../lib64 -L/usr/lib/../lib64 -L/opt/hpc/software/compiler/intel/intel-compiler-2017.5.239/compiler/lib/intel64_lin -L/opt/hpc/software/compiler/intel/intel-compiler-2017.5.239/mkl/lib/intel64_lin -L/opt/hpc/software/compiler/intel/intel-compiler-2017.5.239/tbb/lib/intel64_lin -L/opt/hpc/software/mpi/hpcx/v2.7.4/gcc-7.3.1/lib -L/opt/hpc/software/mpi/hpcx/v2.7.4/sharp/lib -L/opt/hpc/software/mpi/hpcx/v2.7.4/hcoll/lib -L/opt/hpc/software/mpi/hpcx/v2.7.4/ucx_without_rocm/lib -L/opt/rh/devtoolset-7/root/usr/lib/gcc/x86_64-redhat-linux/7/../../.. CMakeFiles/cmTryCompileExec785060873.dir/CMakeCCompilerABI.c.o -lgcc --as-needed -lgcc_s --no-as-needed -lc -lgcc --as-needed -lgcc_s --no-as-needed /opt/rh/devtoolset-7/root/usr/lib/gcc/x86_64-redhat-linux/7/crtend.o /lib/../lib64/crtn.o
COLLECT_GCC_OPTIONS='-v' '-o' 'cmTryCompileExec785060873' '-rdynamic' '-mtune=generic' '-march=x86-64'
gmake[2]: Leaving directory '/public/home/ghfund2_a17/metis-5.1.0/build/Linux-x86_64/CMakeFiles/CMakeTmp'
gmake[1]: Leaving directory '/public/home/ghfund2_a17/metis-5.1.0/build/Linux-x86_64/CMakeFiles/CMakeTmp'


Parsed C implicit link information from above output:
  link line regex: [^( *|.*[/\])(ld|([^/\]+-)?ld|collect2)[^/\]*( |$)]
  ignore line: [Change Dir: /public/home/ghfund2_a17/metis-5.1.0/build/Linux-x86_64/CMakeFiles/CMakeTmp]
  ignore line: []
  ignore line: [Run Build Command:/opt/rh/devtoolset-7/root/usr/bin/gmake "cmTryCompileExec785060873/fast"]
  ignore line: [gmake[1]: Entering directory '/public/home/ghfund2_a17/metis-5.1.0/build/Linux-x86_64/CMakeFiles/CMakeTmp']
  ignore line: [/opt/rh/devtoolset-7/root/usr/bin/gmake -f CMakeFiles/cmTryCompileExec785060873.dir/build.make CMakeFiles/cmTryCompileExec785060873.dir/build]
  ignore line: [gmake[2]: Entering directory '/public/home/ghfund2_a17/metis-5.1.0/build/Linux-x86_64/CMakeFiles/CMakeTmp']
  ignore line: [/usr/bin/cmake -E cmake_progress_report /public/home/ghfund2_a17/metis-5.1.0/build/Linux-x86_64/CMakeFiles/CMakeTmp/CMakeFiles 1]
  ignore line: [Building C object CMakeFiles/cmTryCompileExec785060873.dir/CMakeCCompilerABI.c.o]
  ignore line: [/opt/rh/devtoolset-7/root/usr/bin/gcc    -o CMakeFiles/cmTryCompileExec785060873.dir/CMakeCCompilerABI.c.o   -c /usr/share/cmake/Modules/CMakeCCompilerABI.c]
  ignore line: [Linking C executable cmTryCompileExec785060873]
  ignore line: [/usr/bin/cmake -E cmake_link_script CMakeFiles/cmTryCompileExec785060873.dir/link.txt --verbose=1]
  ignore line: [/opt/rh/devtoolset-7/root/usr/bin/gcc     -v CMakeFiles/cmTryCompileExec785060873.dir/CMakeCCompilerABI.c.o  -o cmTryCompileExec785060873 -rdynamic  ]
  ignore line: [Using built-in specs.]
  ignore line: [COLLECT_GCC=/opt/rh/devtoolset-7/root/usr/bin/gcc]
  ignore line: [COLLECT_LTO_WRAPPER=/opt/rh/devtoolset-7/root/usr/libexec/gcc/x86_64-redhat-linux/7/lto-wrapper]
  ignore line: [Target: x86_64-redhat-linux]
  ignore line: [Configured with: ../configure --enable-bootstrap --enable-languages=c,c++,fortran,lto --prefix=/opt/rh/devtoolset-7/root/usr --mandir=/opt/rh/devtoolset-7/root/usr/share/man --infodir=/opt/rh/devtoolset-7/root/usr/share/info --with-bugurl=http://bugzilla.redhat.com/bugzilla --enable-shared --enable-threads=posix --enable-checking=release --enable-multilib --with-system-zlib --enable-__cxa_atexit --disable-libunwind-exceptions --enable-gnu-unique-object --enable-linker-build-id --with-gcc-major-version-only --enable-plugin --with-linker-hash-style=gnu --enable-initfini-array --with-default-libstdcxx-abi=gcc4-compatible --with-isl=/builddir/build/BUILD/gcc-7.3.1-20180303/obj-x86_64-redhat-linux/isl-install --enable-libmpx --enable-gnu-indirect-function --with-tune=generic --with-arch_32=i686 --build=x86_64-redhat-linux]
  ignore line: [Thread model: posix]
  ignore line: [gcc version 7.3.1 20180303 (Red Hat 7.3.1-5) (GCC) ]
  ignore line: [COMPILER_PATH=/opt/rh/devtoolset-7/root/usr/libexec/gcc/x86_64-redhat-linux/7/:/opt/rh/devtoolset-7/root/usr/libexec/gcc/x86_64-redhat-linux/7/:/opt/rh/devtoolset-7/root/usr/libexec/gcc/x86_64-redhat-linux/:/opt/rh/devtoolset-7/root/usr/lib/gcc/x86_64-redhat-linux/7/:/opt/rh/devtoolset-7/root/usr/lib/gcc/x86_64-redhat-linux/]
  ignore line: [LIBRARY_PATH=/opt/rh/devtoolset-7/root/usr/lib/gcc/x86_64-redhat-linux/7/:/opt/rh/devtoolset-7/root/usr/lib/gcc/x86_64-redhat-linux/7/../../../../lib64/:/lib/../lib64/:/usr/lib/../lib64/:/opt/hpc/software/compiler/intel/intel-compiler-2017.5.239/compiler/lib/intel64_lin/:/opt/hpc/software/compiler/intel/intel-compiler-2017.5.239/mkl/lib/intel64_lin/:/opt/hpc/software/compiler/intel/intel-compiler-2017.5.239/tbb/lib/intel64_lin/:/opt/hpc/software/mpi/hpcx/v2.7.4/gcc-7.3.1/lib/:/opt/hpc/software/mpi/hpcx/v2.7.4/sharp/lib/:/opt/hpc/software/mpi/hpcx/v2.7.4/hcoll/lib/:/opt/hpc/software/mpi/hpcx/v2.7.4/ucx_without_rocm/lib/:/opt/rh/devtoolset-7/root/usr/lib/gcc/x86_64-redhat-linux/7/../../../:/lib/:/usr/lib/]
  ignore line: [COLLECT_GCC_OPTIONS='-v' '-o' 'cmTryCompileExec785060873' '-rdynamic' '-mtune=generic' '-march=x86-64']
  link line: [ /opt/rh/devtoolset-7/root/usr/libexec/gcc/x86_64-redhat-linux/7/collect2 -plugin /opt/rh/devtoolset-7/root/usr/libexec/gcc/x86_64-redhat-linux/7/liblto_plugin.so -plugin-opt=/opt/rh/devtoolset-7/root/usr/libexec/gcc/x86_64-redhat-linux/7/lto-wrapper -plugin-opt=-fresolution=/tmp/ccBo76Ef.res -plugin-opt=-pass-through=-lgcc -plugin-opt=-pass-through=-lgcc_s -plugin-opt=-pass-through=-lc -plugin-opt=-pass-through=-lgcc -plugin-opt=-pass-through=-lgcc_s --build-id --no-add-needed --eh-frame-hdr --hash-style=gnu -m elf_x86_64 -export-dynamic -dynamic-linker /lib64/ld-linux-x86-64.so.2 -o cmTryCompileExec785060873 /lib/../lib64/crt1.o /lib/../lib64/crti.o /opt/rh/devtoolset-7/root/usr/lib/gcc/x86_64-redhat-linux/7/crtbegin.o -L/opt/rh/devtoolset-7/root/usr/lib/gcc/x86_64-redhat-linux/7 -L/opt/rh/devtoolset-7/root/usr/lib/gcc/x86_64-redhat-linux/7/../../../../lib64 -L/lib/../lib64 -L/usr/lib/../lib64 -L/opt/hpc/software/compiler/intel/intel-compiler-2017.5.239/compiler/lib/intel64_lin -L/opt/hpc/software/compiler/intel/intel-compiler-2017.5.239/mkl/lib/intel64_lin -L/opt/hpc/software/compiler/intel/intel-compiler-2017.5.239/tbb/lib/intel64_lin -L/opt/hpc/software/mpi/hpcx/v2.7.4/gcc-7.3.1/lib -L/opt/hpc/software/mpi/hpcx/v2.7.4/sharp/lib -L/opt/hpc/software/mpi/hpcx/v2.7.4/hcoll/lib -L/opt/hpc/software/mpi/hpcx/v2.7.4/ucx_without_rocm/lib -L/opt/rh/devtoolset-7/root/usr/lib/gcc/x86_64-redhat-linux/7/../../.. CMakeFiles/cmTryCompileExec785060873.dir/CMakeCCompilerABI.c.o -lgcc --as-needed -lgcc_s --no-as-needed -lc -lgcc --as-needed -lgcc_s --no-as-needed /opt/rh/devtoolset-7/root/usr/lib/gcc/x86_64-redhat-linux/7/crtend.o /lib/../lib64/crtn.o]
    arg [/opt/rh/devtoolset-7/root/usr/libexec/gcc/x86_64-redhat-linux/7/collect2] ==> ignore
    arg [-plugin] ==> ignore
    arg [/opt/rh/devtoolset-7/root/usr/libexec/gcc/x86_64-redhat-linux/7/liblto_plugin.so] ==> ignore
    arg [-plugin-opt=/opt/rh/devtoolset-7/root/usr/libexec/gcc/x86_64-redhat-linux/7/lto-wrapper] ==> ignore
    arg [-plugin-opt=-fresolution=/tmp/ccBo76Ef.res] ==> ignore
    arg [-plugin-opt=-pass-through=-lgcc] ==> ignore
    arg [-plugin-opt=-pass-through=-lgcc_s] ==> ignore
    arg [-plugin-opt=-pass-through=-lc] ==> ignore
    arg [-plugin-opt=-pass-through=-lgcc] ==> ignore
    arg [-plugin-opt=-pass-through=-lgcc_s] ==> ignore
    arg [--build-id] ==> ignore
    arg [--no-add-needed] ==> ignore
    arg [--eh-frame-hdr] ==> ignore
    arg [--hash-style=gnu] ==> ignore
    arg [-m] ==> ignore
    arg [elf_x86_64] ==> ignore
    arg [-export-dynamic] ==> ignore
    arg [-dynamic-linker] ==> ignore
    arg [/lib64/ld-linux-x86-64.so.2] ==> ignore
    arg [-o] ==> ignore
    arg [cmTryCompileExec785060873] ==> ignore
    arg [/lib/../lib64/crt1.o] ==> ignore
    arg [/lib/../lib64/crti.o] ==> ignore
    arg [/opt/rh/devtoolset-7/root/usr/lib/gcc/x86_64-redhat-linux/7/crtbegin.o] ==> ignore
    arg [-L/opt/rh/devtoolset-7/root/usr/lib/gcc/x86_64-redhat-linux/7] ==> dir [/opt/rh/devtoolset-7/root/usr/lib/gcc/x86_64-redhat-linux/7]
    arg [-L/opt/rh/devtoolset-7/root/usr/lib/gcc/x86_64-redhat-linux/7/../../../../lib64] ==> dir [/opt/rh/devtoolset-7/root/usr/lib/gcc/x86_64-redhat-linux/7/../../../../lib64]
    arg [-L/lib/../lib64] ==> dir [/lib/../lib64]
    arg [-L/usr/lib/../lib64] ==> dir [/usr/lib/../lib64]
    arg [-L/opt/hpc/software/compiler/intel/intel-compiler-2017.5.239/compiler/lib/intel64_lin] ==> dir [/opt/hpc/software/compiler/intel/intel-compiler-2017.5.239/compiler/lib/intel64_lin]
    arg [-L/opt/hpc/software/compiler/intel/intel-compiler-2017.5.239/mkl/lib/intel64_lin] ==> dir [/opt/hpc/software/compiler/intel/intel-compiler-2017.5.239/mkl/lib/intel64_lin]
    arg [-L/opt/hpc/software/compiler/intel/intel-compiler-2017.5.239/tbb/lib/intel64_lin] ==> dir [/opt/hpc/software/compiler/intel/intel-compiler-2017.5.239/tbb/lib/intel64_lin]
    arg [-L/opt/hpc/software/mpi/hpcx/v2.7.4/gcc-7.3.1/lib] ==> dir [/opt/hpc/software/mpi/hpcx/v2.7.4/gcc-7.3.1/lib]
    arg [-L/opt/hpc/software/mpi/hpcx/v2.7.4/sharp/lib] ==> dir [/opt/hpc/software/mpi/hpcx/v2.7.4/sharp/lib]
    arg [-L/opt/hpc/software/mpi/hpcx/v2.7.4/hcoll/lib] ==> dir [/opt/hpc/software/mpi/hpcx/v2.7.4/hcoll/lib]
    arg [-L/opt/hpc/software/mpi/hpcx/v2.7.4/ucx_without_rocm/lib] ==> dir [/opt/hpc/software/mpi/hpcx/v2.7.4/ucx_without_rocm/lib]
    arg [-L/opt/rh/devtoolset-7/root/usr/lib/gcc/x86_64-redhat-linux/7/../../..] ==> dir [/opt/rh/devtoolset-7/root/usr/lib/gcc/x86_64-redhat-linux/7/../../..]
    arg [CMakeFiles/cmTryCompileExec785060873.dir/CMakeCCompilerABI.c.o] ==> ignore
    arg [-lgcc] ==> lib [gcc]
    arg [--as-needed] ==> ignore
    arg [-lgcc_s] ==> lib [gcc_s]
    arg [--no-as-needed] ==> ignore
    arg [-lc] ==> lib [c]
    arg [-lgcc] ==> lib [gcc]
    arg [--as-needed] ==> ignore
    arg [-lgcc_s] ==> lib [gcc_s]
    arg [--no-as-needed] ==> ignore
    arg [/opt/rh/devtoolset-7/root/usr/lib/gcc/x86_64-redhat-linux/7/crtend.o] ==> ignore
    arg [/lib/../lib64/crtn.o] ==> ignore
  remove lib [gcc]
  remove lib [gcc_s]
  remove lib [gcc]
  remove lib [gcc_s]
  collapse library dir [/opt/rh/devtoolset-7/root/usr/lib/gcc/x86_64-redhat-linux/7] ==> [/opt/rh/devtoolset-7/root/usr/lib/gcc/x86_64-redhat-linux/7]
  collapse library dir [/opt/rh/devtoolset-7/root/usr/lib/gcc/x86_64-redhat-linux/7/../../../../lib64] ==> [/opt/rh/devtoolset-7/root/usr/lib64]
  collapse library dir [/lib/../lib64] ==> [/lib64]
  collapse library dir [/usr/lib/../lib64] ==> [/usr/lib64]
  collapse library dir [/opt/hpc/software/compiler/intel/intel-compiler-2017.5.239/compiler/lib/intel64_lin] ==> [/opt/hpc/software/compiler/intel/intel-compiler-2017.5.239/compiler/lib/intel64_lin]
  collapse library dir [/opt/hpc/software/compiler/intel/intel-compiler-2017.5.239/mkl/lib/intel64_lin] ==> [/opt/hpc/software/compiler/intel/intel-compiler-2017.5.239/mkl/lib/intel64_lin]
  collapse library dir [/opt/hpc/software/compiler/intel/intel-compiler-2017.5.239/tbb/lib/intel64_lin] ==> [/opt/hpc/software/compiler/intel/intel-compiler-2017.5.239/tbb/lib/intel64_lin]
  collapse library dir [/opt/hpc/software/mpi/hpcx/v2.7.4/gcc-7.3.1/lib] ==> [/opt/hpc/software/mpi/hpcx/v2.7.4/gcc-7.3.1/lib]
  collapse library dir [/opt/hpc/software/mpi/hpcx/v2.7.4/sharp/lib] ==> [/opt/hpc/software/mpi/hpcx/v2.7.4/sharp/lib]
  collapse library dir [/opt/hpc/software/mpi/hpcx/v2.7.4/hcoll/lib] ==> [/opt/hpc/software/mpi/hpcx/v2.7.4/hcoll/lib]
  collapse library dir [/opt/hpc/software/mpi/hpcx/v2.7.4/ucx_without_rocm/lib] ==> [/opt/hpc/software/mpi/hpcx/v2.7.4/ucx_without_rocm/lib]
  collapse library dir [/opt/rh/devtoolset-7/root/usr/lib/gcc/x86_64-redhat-linux/7/../../..] ==> [/opt/rh/devtoolset-7/root/usr/lib]
  implicit libs: [c]
  implicit dirs: [/opt/rh/devtoolset-7/root/usr/lib/gcc/x86_64-redhat-linux/7;/opt/rh/devtoolset-7/root/usr/lib64;/lib64;/usr/lib64;/opt/hpc/software/compiler/intel/intel-compiler-2017.5.239/compiler/lib/intel64_lin;/opt/hpc/software/compiler/intel/intel-compiler-2017.5.239/mkl/lib/intel64_lin;/opt/hpc/software/compiler/intel/intel-compiler-2017.5.239/tbb/lib/intel64_lin;/opt/hpc/software/mpi/hpcx/v2.7.4/gcc-7.3.1/lib;/opt/hpc/software/mpi/hpcx/v2.7.4/sharp/lib;/opt/hpc/software/mpi/hpcx/v2.7.4/hcoll/lib;/opt/hpc/software/mpi/hpcx/v2.7.4/ucx_without_rocm/lib;/opt/rh/devtoolset-7/root/usr/lib]
  implicit fwks: []


Determining if the CXX compiler works passed with the following output:
Change Dir: /public/home/ghfund2_a17/metis-5.1.0/build/Linux-x86_64/CMakeFiles/CMakeTmp

Run Build Command:/opt/rh/devtoolset-7/root/usr/bin/gmake "cmTryCompileExec3781351150/fast"
gmake[1]: Entering directory '/public/home/ghfund2_a17/metis-5.1.0/build/Linux-x86_64/CMakeFiles/CMakeTmp'
/opt/rh/devtoolset-7/root/usr/bin/gmake -f CMakeFiles/cmTryCompileExec3781351150.dir/build.make CMakeFiles/cmTryCompileExec3781351150.dir/build
gmake[2]: Entering directory '/public/home/ghfund2_a17/metis-5.1.0/build/Linux-x86_64/CMakeFiles/CMakeTmp'
/usr/bin/cmake -E cmake_progress_report /public/home/ghfund2_a17/metis-5.1.0/build/Linux-x86_64/CMakeFiles/CMakeTmp/CMakeFiles 1
Building CXX object CMakeFiles/cmTryCompileExec3781351150.dir/testCXXCompiler.cxx.o
/opt/rh/devtoolset-7/root/usr/bin/c++     -o CMakeFiles/cmTryCompileExec3781351150.dir/testCXXCompiler.cxx.o -c /public/home/ghfund2_a17/metis-5.1.0/build/Linux-x86_64/CMakeFiles/CMakeTmp/testCXXCompiler.cxx
Linking CXX executable cmTryCompileExec3781351150
/usr/bin/cmake -E cmake_link_script CMakeFiles/cmTryCompileExec3781351150.dir/link.txt --verbose=1
/opt/rh/devtoolset-7/root/usr/bin/c++       -Wl,-rpath=/opt/rh/devtoolset-7/root/usr/lib64 -Wl,-rpath=/opt/rh/devtoolset-7/root/usr/lib CMakeFiles/cmTryCompileExec3781351150.dir/testCXXCompiler.cxx.o  -o cmTryCompileExec3781351150 -rdynamic 
gmake[2]: Leaving directory '/public/home/ghfund2_a17/metis-5.1.0/build/Linux-x86_64/CMakeFiles/CMakeTmp'
gmake[1]: Leaving directory '/public/home/ghfund2_a17/metis-5.1.0/build/Linux-x86_64/CMakeFiles/CMakeTmp'


Detecting CXX compiler ABI info compiled with the following output:
Change Dir: /public/home/ghfund2_a17/metis-5.1.0/build/Linux-x86_64/CMakeFiles/CMakeTmp

Run Build Command:/opt/rh/devtoolset-7/root/usr/bin/gmake "cmTryCompileExec1200755240/fast"
gmake[1]: Entering directory '/public/home/ghfund2_a17/metis-5.1.0/build/Linux-x86_64/CMakeFiles/CMakeTmp'
/opt/rh/devtoolset-7/root/usr/bin/gmake -f CMakeFiles/cmTryCompileExec1200755240.dir/build.make CMakeFiles/cmTryCompileExec1200755240.dir/build
gmake[2]: Entering directory '/public/home/ghfund2_a17/metis-5.1.0/build/Linux-x86_64/CMakeFiles/CMakeTmp'
/usr/bin/cmake -E cmake_progress_report /public/home/ghfund2_a17/metis-5.1.0/build/Linux-x86_64/CMakeFiles/CMakeTmp/CMakeFiles 1
Building CXX object CMakeFiles/cmTryCompileExec1200755240.dir/CMakeCXXCompilerABI.cpp.o
/opt/rh/devtoolset-7/root/usr/bin/c++     -o CMakeFiles/cmTryCompileExec1200755240.dir/CMakeCXXCompilerABI.cpp.o -c /usr/share/cmake/Modules/CMakeCXXCompilerABI.cpp
Linking CXX executable cmTryCompileExec1200755240
/usr/bin/cmake -E cmake_link_script CMakeFiles/cmTryCompileExec1200755240.dir/link.txt --verbose=1
/opt/rh/devtoolset-7/root/usr/bin/c++      -v CMakeFiles/cmTryCompileExec1200755240.dir/CMakeCXXCompilerABI.cpp.o  -o cmTryCompileExec1200755240 -rdynamic  
Using built-in specs.
COLLECT_GCC=/opt/rh/devtoolset-7/root/usr/bin/c++
COLLECT_LTO_WRAPPER=/opt/rh/devtoolset-7/root/usr/libexec/gcc/x86_64-redhat-linux/7/lto-wrapper
Target: x86_64-redhat-linux
Configured with: ../configure --enable-bootstrap --enable-languages=c,c++,fortran,lto --prefix=/opt/rh/devtoolset-7/root/usr --mandir=/opt/rh/devtoolset-7/root/usr/share/man --infodir=/opt/rh/devtoolset-7/root/usr/share/info --with-bugurl=http://bugzilla.redhat.com/bugzilla --enable-shared --enable-threads=posix --enable-checking=release --enable-multilib --with-system-zlib --enable-__cxa_atexit --disable-libunwind-exceptions --enable-gnu-unique-object --enable-linker-build-id --with-gcc-major-version-only --enable-plugin --with-linker-hash-style=gnu --enable-initfini-array --with-default-libstdcxx-abi=gcc4-compatible --with-isl=/builddir/build/BUILD/gcc-7.3.1-20180303/obj-x86_64-redhat-linux/isl-install --enable-libmpx --enable-gnu-indirect-function --with-tune=generic --with-arch_32=i686 --build=x86_64-redhat-linux
Thread model: posix
gcc version 7.3.1 20180303 (Red Hat 7.3.1-5) (GCC) 
COMPILER_PATH=/opt/rh/devtoolset-7/root/usr/libexec/gcc/x86_64-redhat-linux/7/:/opt/rh/devtoolset-7/root/usr/libexec/gcc/x86_64-redhat-linux/7/:/opt/rh/devtoolset-7/root/usr/libexec/gcc/x86_64-redhat-linux/:/opt/rh/devtoolset-7/root/usr/lib/gcc/x86_64-redhat-linux/7/:/opt/rh/devtoolset-7/root/usr/lib/gcc/x86_64-redhat-linux/
LIBRARY_PATH=/opt/rh/devtoolset-7/root/usr/lib/gcc/x86_64-redhat-linux/7/:/opt/rh/devtoolset-7/root/usr/lib/gcc/x86_64-redhat-linux/7/../../../../lib64/:/lib/../lib64/:/usr/lib/../lib64/:/opt/hpc/software/compiler/intel/intel-compiler-2017.5.239/compiler/lib/intel64_lin/:/opt/hpc/software/compiler/intel/intel-compiler-2017.5.239/mkl/lib/intel64_lin/:/opt/hpc/software/compiler/intel/intel-compiler-2017.5.239/tbb/lib/intel64_lin/:/opt/hpc/software/mpi/hpcx/v2.7.4/gcc-7.3.1/lib/:/opt/hpc/software/mpi/hpcx/v2.7.4/sharp/lib/:/opt/hpc/software/mpi/hpcx/v2.7.4/hcoll/lib/:/opt/hpc/software/mpi/hpcx/v2.7.4/ucx_without_rocm/lib/:/opt/rh/devtoolset-7/root/usr/lib/gcc/x86_64-redhat-linux/7/../../../:/lib/:/usr/lib/
COLLECT_GCC_OPTIONS='-v' '-o' 'cmTryCompileExec1200755240' '-rdynamic' '-shared-libgcc' '-mtune=generic' '-march=x86-64'
 /opt/rh/devtoolset-7/root/usr/libexec/gcc/x86_64-redhat-linux/7/collect2 -plugin /opt/rh/devtoolset-7/root/usr/libexec/gcc/x86_64-redhat-linux/7/liblto_plugin.so -plugin-opt=/opt/rh/devtoolset-7/root/usr/libexec/gcc/x86_64-redhat-linux/7/lto-wrapper -plugin-opt=-fresolution=/tmp/cc82CTx5.res -plugin-opt=-pass-through=-lgcc_s -plugin-opt=-pass-through=-lgcc -plugin-opt=-pass-through=-lc -plugin-opt=-pass-through=-lgcc_s -plugin-opt=-pass-through=-lgcc --build-id --no-add-needed --eh-frame-hdr --hash-style=gnu -m elf_x86_64 -export-dynamic -dynamic-linker /lib64/ld-linux-x86-64.so.2 -o cmTryCompileExec1200755240 /lib/../lib64/crt1.o /lib/../lib64/crti.o /opt/rh/devtoolset-7/root/usr/lib/gcc/x86_64-redhat-linux/7/crtbegin.o -L/opt/rh/devtoolset-7/root/usr/lib/gcc/x86_64-redhat-linux/7 -L/opt/rh/devtoolset-7/root/usr/lib/gcc/x86_64-redhat-linux/7/../../../../lib64 -L/lib/../lib64 -L/usr/lib/../lib64 -L/opt/hpc/software/compiler/intel/intel-compiler-2017.5.239/compiler/lib/intel64_lin -L/opt/hpc/software/compiler/intel/intel-compiler-2017.5.239/mkl/lib/intel64_lin -L/opt/hpc/software/compiler/intel/intel-compiler-2017.5.239/tbb/lib/intel64_lin -L/opt/hpc/software/mpi/hpcx/v2.7.4/gcc-7.3.1/lib -L/opt/hpc/software/mpi/hpcx/v2.7.4/sharp/lib -L/opt/hpc/software/mpi/hpcx/v2.7.4/hcoll/lib -L/opt/hpc/software/mpi/hpcx/v2.7.4/ucx_without_rocm/lib -L/opt/rh/devtoolset-7/root/usr/lib/gcc/x86_64-redhat-linux/7/../../.. CMakeFiles/cmTryCompileExec1200755240.dir/CMakeCXXCompilerABI.cpp.o -lstdc++ -lm -lgcc_s -lgcc -lc -lgcc_s -lgcc /opt/rh/devtoolset-7/root/usr/lib/gcc/x86_64-redhat-linux/7/crtend.o /lib/../lib64/crtn.o
COLLECT_GCC_OPTIONS='-v' '-o' 'cmTryCompileExec1200755240' '-rdynamic' '-shared-libgcc' '-mtune=generic' '-march=x86-64'
gmake[2]: Leaving directory '/public/home/ghfund2_a17/metis-5.1.0/build/Linux-x86_64/CMakeFiles/CMakeTmp'
gmake[1]: Leaving directory '/public/home/ghfund2_a17/metis-5.1.0/build/Linux-x86_64/CMakeFiles/CMakeTmp'


Parsed CXX implicit link information from above output:
  link line regex: [^( *|.*[/\])(ld|([^/\]+-)?ld|collect2)[^/\]*( |$)]
  ignore line: [Change Dir: /public/home/ghfund2_a17/metis-5.1.0/build/Linux-x86_64/CMakeFiles/CMakeTmp]
  ignore line: []
  ignore line: [Run Build Command:/opt/rh/devtoolset-7/root/usr/bin/gmake "cmTryCompileExec1200755240/fast"]
  ignore line: [gmake[1]: Entering directory '/public/home/ghfund2_a17/metis-5.1.0/build/Linux-x86_64/CMakeFiles/CMakeTmp']
  ignore line: [/opt/rh/devtoolset-7/root/usr/bin/gmake -f CMakeFiles/cmTryCompileExec1200755240.dir/build.make CMakeFiles/cmTryCompileExec1200755240.dir/build]
  ignore line: [gmake[2]: Entering directory '/public/home/ghfund2_a17/metis-5.1.0/build/Linux-x86_64/CMakeFiles/CMakeTmp']
  ignore line: [/usr/bin/cmake -E cmake_progress_report /public/home/ghfund2_a17/metis-5.1.0/build/Linux-x86_64/CMakeFiles/CMakeTmp/CMakeFiles 1]
  ignore line: [Building CXX object CMakeFiles/cmTryCompileExec1200755240.dir/CMakeCXXCompilerABI.cpp.o]
  ignore line: [/opt/rh/devtoolset-7/root/usr/bin/c++     -o CMakeFiles/cmTryCompileExec1200755240.dir/CMakeCXXCompilerABI.cpp.o -c /usr/share/cmake/Modules/CMakeCXXCompilerABI.cpp]
  ignore line: [Linking CXX executable cmTryCompileExec1200755240]
  ignore line: [/usr/bin/cmake -E cmake_link_script CMakeFiles/cmTryCompileExec1200755240.dir/link.txt --verbose=1]
  ignore line: [/opt/rh/devtoolset-7/root/usr/bin/c++      -v CMakeFiles/cmTryCompileExec1200755240.dir/CMakeCXXCompilerABI.cpp.o  -o cmTryCompileExec1200755240 -rdynamic  ]
  ignore line: [Using built-in specs.]
  ignore line: [COLLECT_GCC=/opt/rh/devtoolset-7/root/usr/bin/c++]
  ignore line: [COLLECT_LTO_WRAPPER=/opt/rh/devtoolset-7/root/usr/libexec/gcc/x86_64-redhat-linux/7/lto-wrapper]
  ignore line: [Target: x86_64-redhat-linux]
  ignore line: [Configured with: ../configure --enable-bootstrap --enable-languages=c,c++,fortran,lto --prefix=/opt/rh/devtoolset-7/root/usr --mandir=/opt/rh/devtoolset-7/root/usr/share/man --infodir=/opt/rh/devtoolset-7/root/usr/share/info --with-bugurl=http://bugzilla.redhat.com/bugzilla --enable-shared --enable-threads=posix --enable-checking=release --enable-multilib --with-system-zlib --enable-__cxa_atexit --disable-libunwind-exceptions --enable-gnu-unique-object --enable-linker-build-id --with-gcc-major-version-only --enable-plugin --with-linker-hash-style=gnu --enable-initfini-array --with-default-libstdcxx-abi=gcc4-compatible --with-isl=/builddir/build/BUILD/gcc-7.3.1-20180303/obj-x86_64-redhat-linux/isl-install --enable-libmpx --enable-gnu-indirect-function --with-tune=generic --with-arch_32=i686 --build=x86_64-redhat-linux]
  ignore line: [Thread model: posix]
  ignore line: [gcc version 7.3.1 20180303 (Red Hat 7.3.1-5) (GCC) ]
  ignore line: [COMPILER_PATH=/opt/rh/devtoolset-7/root/usr/libexec/gcc/x86_64-redhat-linux/7/:/opt/rh/devtoolset-7/root/usr/libexec/gcc/x86_64-redhat-linux/7/:/opt/rh/devtoolset-7/root/usr/libexec/gcc/x86_64-redhat-linux/:/opt/rh/devtoolset-7/root/usr/lib/gcc/x86_64-redhat-linux/7/:/opt/rh/devtoolset-7/root/usr/lib/gcc/x86_64-redhat-linux/]
  ignore line: [LIBRARY_PATH=/opt/rh/devtoolset-7/root/usr/lib/gcc/x86_64-redhat-linux/7/:/opt/rh/devtoolset-7/root/usr/lib/gcc/x86_64-redhat-linux/7/../../../../lib64/:/lib/../lib64/:/usr/lib/../lib64/:/opt/hpc/software/compiler/intel/intel-compiler-2017.5.239/compiler/lib/intel64_lin/:/opt/hpc/software/compiler/intel/intel-compiler-2017.5.239/mkl/lib/intel64_lin/:/opt/hpc/software/compiler/intel/intel-compiler-2017.5.239/tbb/lib/intel64_lin/:/opt/hpc/software/mpi/hpcx/v2.7.4/gcc-7.3.1/lib/:/opt/hpc/software/mpi/hpcx/v2.7.4/sharp/lib/:/opt/hpc/software/mpi/hpcx/v2.7.4/hcoll/lib/:/opt/hpc/software/mpi/hpcx/v2.7.4/ucx_without_rocm/lib/:/opt/rh/devtoolset-7/root/usr/lib/gcc/x86_64-redhat-linux/7/../../../:/lib/:/usr/lib/]
  ignore line: [COLLECT_GCC_OPTIONS='-v' '-o' 'cmTryCompileExec1200755240' '-rdynamic' '-shared-libgcc' '-mtune=generic' '-march=x86-64']
  link line: [ /opt/rh/devtoolset-7/root/usr/libexec/gcc/x86_64-redhat-linux/7/collect2 -plugin /opt/rh/devtoolset-7/root/usr/libexec/gcc/x86_64-redhat-linux/7/liblto_plugin.so -plugin-opt=/opt/rh/devtoolset-7/root/usr/libexec/gcc/x86_64-redhat-linux/7/lto-wrapper -plugin-opt=-fresolution=/tmp/cc82CTx5.res -plugin-opt=-pass-through=-lgcc_s -plugin-opt=-pass-through=-lgcc -plugin-opt=-pass-through=-lc -plugin-opt=-pass-through=-lgcc_s -plugin-opt=-pass-through=-lgcc --build-id --no-add-needed --eh-frame-hdr --hash-style=gnu -m elf_x86_64 -export-dynamic -dynamic-linker /lib64/ld-linux-x86-64.so.2 -o cmTryCompileExec1200755240 /lib/../lib64/crt1.o /lib/../lib64/crti.o /opt/rh/devtoolset-7/root/usr/lib/gcc/x86_64-redhat-linux/7/crtbegin.o -L/opt/rh/devtoolset-7/root/usr/lib/gcc/x86_64-redhat-linux/7 -L/opt/rh/devtoolset-7/root/usr/lib/gcc/x86_64-redhat-linux/7/../../../../lib64 -L/lib/../lib64 -L/usr/lib/../lib64 -L/opt/hpc/software/compiler/intel/intel-compiler-2017.5.239/compiler/lib/intel64_lin -L/opt/hpc/software/compiler/intel/intel-compiler-2017.5.239/mkl/lib/intel64_lin -L/opt/hpc/software/compiler/intel/intel-compiler-2017.5.239/tbb/lib/intel64_lin -L/opt/hpc/software/mpi/hpcx/v2.7.4/gcc-7.3.1/lib -L/opt/hpc/software/mpi/hpcx/v2.7.4/sharp/lib -L/opt/hpc/software/mpi/hpcx/v2.7.4/hcoll/lib -L/opt/hpc/software/mpi/hpcx/v2.7.4/ucx_without_rocm/lib -L/opt/rh/devtoolset-7/root/usr/lib/gcc/x86_64-redhat-linux/7/../../.. CMakeFiles/cmTryCompileExec1200755240.dir/CMakeCXXCompilerABI.cpp.o -lstdc++ -lm -lgcc_s -lgcc -lc -lgcc_s -lgcc /opt/rh/devtoolset-7/root/usr/lib/gcc/x86_64-redhat-linux/7/crtend.o /lib/../lib64/crtn.o]
    arg [/opt/rh/devtoolset-7/root/usr/libexec/gcc/x86_64-redhat-linux/7/collect2] ==> ignore
    arg [-plugin] ==> ignore
    arg [/opt/rh/devtoolset-7/root/usr/libexec/gcc/x86_64-redhat-linux/7/liblto_plugin.so] ==> ignore
    arg [-plugin-opt=/opt/rh/devtoolset-7/root/usr/libexec/gcc/x86_64-redhat-linux/7/lto-wrapper] ==> ignore
    arg [-plugin-opt=-fresolution=/tmp/cc82CTx5.res] ==> ignore
    arg [-plugin-opt=-pass-through=-lgcc_s] ==> ignore
    arg [-plugin-opt=-pass-through=-lgcc] ==> ignore
    arg [-plugin-opt=-pass-through=-lc] ==> ignore
    arg [-plugin-opt=-pass-through=-lgcc_s] ==> ignore
    arg [-plugin-opt=-pass-through=-lgcc] ==> ignore
    arg [--build-id] ==> ignore
    arg [--no-add-needed] ==> ignore
    arg [--eh-frame-hdr] ==> ignore
    arg [--hash-style=gnu] ==> ignore
    arg [-m] ==> ignore
    arg [elf_x86_64] ==> ignore
    arg [-export-dynamic] ==> ignore
    arg [-dynamic-linker] ==> ignore
    arg [/lib64/ld-linux-x86-64.so.2] ==> ignore
    arg [-o] ==> ignore
    arg [cmTryCompileExec1200755240] ==> ignore
    arg [/lib/../lib64/crt1.o] ==> ignore
    arg [/lib/../lib64/crti.o] ==> ignore
    arg [/opt/rh/devtoolset-7/root/usr/lib/gcc/x86_64-redhat-linux/7/crtbegin.o] ==> ignore
    arg [-L/opt/rh/devtoolset-7/root/usr/lib/gcc/x86_64-redhat-linux/7] ==> dir [/opt/rh/devtoolset-7/root/usr/lib/gcc/x86_64-redhat-linux/7]
    arg [-L/opt/rh/devtoolset-7/root/usr/lib/gcc/x86_64-redhat-linux/7/../../../../lib64] ==> dir [/opt/rh/devtoolset-7/root/usr/lib/gcc/x86_64-redhat-linux/7/../../../../lib64]
    arg [-L/lib/../lib64] ==> dir [/lib/../lib64]
    arg [-L/usr/lib/../lib64] ==> dir [/usr/lib/../lib64]
    arg [-L/opt/hpc/software/compiler/intel/intel-compiler-2017.5.239/compiler/lib/intel64_lin] ==> dir [/opt/hpc/software/compiler/intel/intel-compiler-2017.5.239/compiler/lib/intel64_lin]
    arg [-L/opt/hpc/software/compiler/intel/intel-compiler-2017.5.239/mkl/lib/intel64_lin] ==> dir [/opt/hpc/software/compiler/intel/intel-compiler-2017.5.239/mkl/lib/intel64_lin]
    arg [-L/opt/hpc/software/compiler/intel/intel-compiler-2017.5.239/tbb/lib/intel64_lin] ==> dir [/opt/hpc/software/compiler/intel/intel-compiler-2017.5.239/tbb/lib/intel64_lin]
    arg [-L/opt/hpc/software/mpi/hpcx/v2.7.4/gcc-7.3.1/lib] ==> dir [/opt/hpc/software/mpi/hpcx/v2.7.4/gcc-7.3.1/lib]
    arg [-L/opt/hpc/software/mpi/hpcx/v2.7.4/sharp/lib] ==> dir [/opt/hpc/software/mpi/hpcx/v2.7.4/sharp/lib]
    arg [-L/opt/hpc/software/mpi/hpcx/v2.7.4/hcoll/lib] ==> dir [/opt/hpc/software/mpi/hpcx/v2.7.4/hcoll/lib]
    arg [-L/opt/hpc/software/mpi/hpcx/v2.7.4/ucx_without_rocm/lib] ==> dir [/opt/hpc/software/mpi/hpcx/v2.7.4/ucx_without_rocm/lib]
    arg [-L/opt/rh/devtoolset-7/root/usr/lib/gcc/x86_64-redhat-linux/7/../../..] ==> dir [/opt/rh/devtoolset-7/root/usr/lib/gcc/x86_64-redhat-linux/7/../../..]
    arg [CMakeFiles/cmTryCompileExec1200755240.dir/CMakeCXXCompilerABI.cpp.o] ==> ignore
    arg [-lstdc++] ==> lib [stdc++]
    arg [-lm] ==> lib [m]
    arg [-lgcc_s] ==> lib [gcc_s]
    arg [-lgcc] ==> lib [gcc]
    arg [-lc] ==> lib [c]
    arg [-lgcc_s] ==> lib [gcc_s]
    arg [-lgcc] ==> lib [gcc]
    arg [/opt/rh/devtoolset-7/root/usr/lib/gcc/x86_64-redhat-linux/7/crtend.o] ==> ignore
    arg [/lib/../lib64/crtn.o] ==> ignore
  remove lib [gcc_s]
  remove lib [gcc]
  remove lib [gcc_s]
  remove lib [gcc]
  collapse library dir [/opt/rh/devtoolset-7/root/usr/lib/gcc/x86_64-redhat-linux/7] ==> [/opt/rh/devtoolset-7/root/usr/lib/gcc/x86_64-redhat-linux/7]
  collapse library dir [/opt/rh/devtoolset-7/root/usr/lib/gcc/x86_64-redhat-linux/7/../../../../lib64] ==> [/opt/rh/devtoolset-7/root/usr/lib64]
  collapse library dir [/lib/../lib64] ==> [/lib64]
  collapse library dir [/usr/lib/../lib64] ==> [/usr/lib64]
  collapse library dir [/opt/hpc/software/compiler/intel/intel-compiler-2017.5.239/compiler/lib/intel64_lin] ==> [/opt/hpc/software/compiler/intel/intel-compiler-2017.5.239/compiler/lib/intel64_lin]
  collapse library dir [/opt/hpc/software/compiler/intel/intel-compiler-2017.5.239/mkl/lib/intel64_lin] ==> [/opt/hpc/software/compiler/intel/intel-compiler-2017.5.239/mkl/lib/intel64_lin]
  collapse library dir [/opt/hpc/software/compiler/intel/intel-compiler-2017.5.239/tbb/lib/intel64_lin] ==> [/opt/hpc/software/compiler/intel/intel-compiler-2017.5.239/tbb/lib/intel64_lin]
  collapse library dir [/opt/hpc/software/mpi/hpcx/v2.7.4/gcc-7.3.1/lib] ==> [/opt/hpc/software/mpi/hpcx/v2.7.4/gcc-7.3.1/lib]
  collapse library dir [/opt/hpc/software/mpi/hpcx/v2.7.4/sharp/lib] ==> [/opt/hpc/software/mpi/hpcx/v2.7.4/sharp/lib]
  collapse library dir [/opt/hpc/software/mpi/hpcx/v2.7.4/hcoll/lib] ==> [/opt/hpc/software/mpi/hpcx/v2.7.4/hcoll/lib]
  collapse library dir [/opt/hpc/software/mpi/hpcx/v2.7.4/ucx_without_rocm/lib] ==> [/opt/hpc/software/mpi/hpcx/v2.7.4/ucx_without_rocm/lib]
  collapse library dir [/opt/rh/devtoolset-7/root/usr/lib/gcc/x86_64-redhat-linux/7/../../..] ==> [/opt/rh/devtoolset-7/root/usr/lib]
  implicit libs: [stdc++;m;c]
  implicit dirs: [/opt/rh/devtoolset-7/root/usr/lib/gcc/x86_64-redhat-linux/7;/opt/rh/devtoolset-7/root/usr/lib64;/lib64;/usr/lib64;/opt/hpc/software/compiler/intel/intel-compiler-2017.5.239/compiler/lib/intel64_lin;/opt/hpc/software/compiler/intel/intel-compiler-2017.5.239/mkl/lib/intel64_lin;/opt/hpc/software/compiler/intel/intel-compiler-2017.5.239/tbb/lib/intel64_lin;/opt/hpc/software/mpi/hpcx/v2.7.4/gcc-7.3.1/lib;/opt/hpc/software/mpi/hpcx/v2.7.4/sharp/lib;/opt/hpc/software/mpi/hpcx/v2.7.4/hcoll/lib;/opt/hpc/software/mpi/hpcx/v2.7.4/ucx_without_rocm/lib;/opt/rh/devtoolset-7/root/usr/lib]
  implicit fwks: []


Determining if the include file execinfo.h exists passed with the following output:
Change Dir: /public/home/ghfund2_a17/metis-5.1.0/build/Linux-x86_64/CMakeFiles/CMakeTmp

Run Build Command:/opt/rh/devtoolset-7/root/usr/bin/gmake "cmTryCompileExec1767140456/fast"
gmake[1]: Entering directory '/public/home/ghfund2_a17/metis-5.1.0/build/Linux-x86_64/CMakeFiles/CMakeTmp'
/opt/rh/devtoolset-7/root/usr/bin/gmake -f CMakeFiles/cmTryCompileExec1767140456.dir/build.make CMakeFiles/cmTryCompileExec1767140456.dir/build
gmake[2]: Entering directory '/public/home/ghfund2_a17/metis-5.1.0/build/Linux-x86_64/CMakeFiles/CMakeTmp'
/usr/bin/cmake -E cmake_progress_report /public/home/ghfund2_a17/metis-5.1.0/build/Linux-x86_64/CMakeFiles/CMakeTmp/CMakeFiles 1
Building C object CMakeFiles/cmTryCompileExec1767140456.dir/CheckIncludeFile.c.o
/opt/rh/devtoolset-7/root/usr/bin/gcc    -o CMakeFiles/cmTryCompileExec1767140456.dir/CheckIncludeFile.c.o   -c /public/home/ghfund2_a17/metis-5.1.0/build/Linux-x86_64/CMakeFiles/CMakeTmp/CheckIncludeFile.c
Linking C executable cmTryCompileExec1767140456
/usr/bin/cmake -E cmake_link_script CMakeFiles/cmTryCompileExec1767140456.dir/link.txt --verbose=1
/opt/rh/devtoolset-7/root/usr/bin/gcc      -Wl,-rpath=/opt/rh/devtoolset-7/root/usr/lib64 -Wl,-rpath=/opt/rh/devtoolset-7/root/usr/lib CMakeFiles/cmTryCompileExec1767140456.dir/CheckIncludeFile.c.o  -o cmTryCompileExec1767140456 -rdynamic 
gmake[2]: Leaving directory '/public/home/ghfund2_a17/metis-5.1.0/build/Linux-x86_64/CMakeFiles/CMakeTmp'
gmake[1]: Leaving directory '/public/home/ghfund2_a17/metis-5.1.0/build/Linux-x86_64/CMakeFiles/CMakeTmp'


Determining if the function getline exists passed with the following output:
Change Dir: /public/home/ghfund2_a17/metis-5.1.0/build/Linux-x86_64/CMakeFiles/CMakeTmp

Run Build Command:/opt/rh/devtoolset-7/root/usr/bin/gmake "cmTryCompileExec1245905177/fast"
gmake[1]: Entering directory '/public/home/ghfund2_a17/metis-5.1.0/build/Linux-x86_64/CMakeFiles/CMakeTmp'
/opt/rh/devtoolset-7/root/usr/bin/gmake -f CMakeFiles/cmTryCompileExec1245905177.dir/build.make CMakeFiles/cmTryCompileExec1245905177.dir/build
gmake[2]: Entering directory '/public/home/ghfund2_a17/metis-5.1.0/build/Linux-x86_64/CMakeFiles/CMakeTmp'
/usr/bin/cmake -E cmake_progress_report /public/home/ghfund2_a17/metis-5.1.0/build/Linux-x86_64/CMakeFiles/CMakeTmp/CMakeFiles 1
Building C object CMakeFiles/cmTryCompileExec1245905177.dir/CheckFunctionExists.c.o
/opt/rh/devtoolset-7/root/usr/bin/gcc   -DCHECK_FUNCTION_EXISTS=getline   -o CMakeFiles/cmTryCompileExec1245905177.dir/CheckFunctionExists.c.o   -c /usr/share/cmake/Modules/CheckFunctionExists.c
Linking C executable cmTryCompileExec1245905177
/usr/bin/cmake -E cmake_link_script CMakeFiles/cmTryCompileExec1245905177.dir/link.txt --verbose=1
/opt/rh/devtoolset-7/root/usr/bin/gcc   -DCHECK_FUNCTION_EXISTS=getline   -Wl,-rpath=/opt/rh/devtoolset-7/root/usr/lib64 -Wl,-rpath=/opt/rh/devtoolset-7/root/usr/lib CMakeFiles/cmTryCompileExec1245905177.dir/CheckFunctionExists.c.o  -o cmTryCompileExec1245905177 -rdynamic 
gmake[2]: Leaving directory '/public/home/ghfund2_a17/metis-5.1.0/build/Linux-x86_64/CMakeFiles/CMakeTmp'
gmake[1]: Leaving directory '/public/home/ghfund2_a17/metis-5.1.0/build/Linux-x86_64/CMakeFiles/CMakeTmp'


